0 verbose cli C:\Program Files\nodejs\node.exe C:\Users\Ayussh Srivastav\AppData\Roaming\npm\node_modules\npm\bin\npm-cli.js
1 info using npm@10.5.0
2 info using node@v24.14.0
3 timing npm:load:whichnode Completed in 5ms
4 timing config:load:defaults Completed in 4ms
5 timing config:load:file:C:\Users\Ayussh Srivastav\AppData\Roaming\npm\node_modules\npm\npmrc Completed in 6ms
6 timing config:load:builtin Completed in 7ms
7 timing config:load:cli Completed in 6ms
8 timing config:load:env Completed in 1ms
9 timing config:load:file:c:\Users\Ayussh Srivastav\Desktop\SANA\.npmrc Completed in 0ms
10 timing config:load:project Completed in 2ms
11 timing config:load:file:C:\Users\Ayussh Srivastav\.npmrc Completed in 0ms
12 timing config:load:user Completed in 1ms
13 timing config:load:file:C:\Users\Ayussh Srivastav\AppData\Roaming\npm\etc\npmrc Completed in 1ms
14 timing config:load:global Completed in 1ms
15 timing config:load:setEnvs Completed in 2ms
16 timing config:load Completed in 25ms
17 timing npm:load:configload Completed in 25ms
18 timing config:load:flatten Completed in 5ms
19 timing npm:load:mkdirpcache Completed in 1ms
20 timing npm:load:mkdirplogs Completed in 0ms
21 verbose title npm install
22 verbose argv "install" "--package-lock-only"
23 timing npm:load:setTitle Completed in 2ms
24 timing npm:load:display Completed in 1ms
25 verbose logfile logs-max:10 dir:c:\Users\Ayussh Srivastav\Desktop\SANA\Srivastav\AppData\Roaming\npm-cache\_npx\2780\_logs\2026-03-13T18_49_05_130Z-
26 verbose logfile c:\Users\Ayussh Srivastav\Desktop\SANA\Srivastav\AppData\Roaming\npm-cache\_npx\2780\_logs\2026-03-13T18_49_05_130Z-debug-0.log
27 timing npm:load:logFile Completed in 20ms
28 timing npm:load:timers Completed in 1ms
29 timing npm:load:configScope Completed in 0ms
30 timing npm:load Completed in 80ms
31 timing arborist:ctor Completed in 2ms
32 silly logfile done cleaning log files
33 timing idealTree:init Completed in 256ms
34 timing idealTree:userRequests Completed in 0ms
35 silly idealTree buildDeps
36 timing idealTree:#root Completed in 1ms
37 silly tarball no local data for https://registry.npmjs.org/@tailwindcss/oxide-wasm32-wasi/-/oxide-wasm32-wasi-4.1.17.tgz. Extracting by manifest.
38 http fetch GET 200 https://registry.npmjs.org/npm 593ms
39 http fetch GET 200 https://registry.npmjs.org/@tailwindcss/oxide-wasm32-wasi/-/oxide-wasm32-wasi-4.1.17.tgz 2176ms (cache miss)
40 timing arborist:ctor Completed in 0ms
41 timing idealTree:node_modules/@tailwindcss/oxide-wasm32-wasi Completed in 2276ms
42 timing idealTree:buildDeps Completed in 2280ms
43 timing idealTree:fixDepFlags Completed in 1ms
44 timing idealTree Completed in 2545ms
45 timing reify:loadTrees Completed in 2546ms
46 silly audit bulk request {
46 silly audit   '@babel/code-frame': [ '7.29.0' ],
46 silly audit   '@babel/compat-data': [ '7.29.0' ],
46 silly audit   '@babel/core': [ '7.29.0' ],
46 silly audit   '@babel/generator': [ '7.29.1' ],
46 silly audit   '@babel/helper-compilation-targets': [ '7.28.6' ],
46 silly audit   '@babel/helper-globals': [ '7.28.0' ],
46 silly audit   '@babel/helper-module-imports': [ '7.28.6' ],
46 silly audit   '@babel/helper-module-transforms': [ '7.28.6' ],
46 silly audit   '@babel/helper-plugin-utils': [ '7.28.6' ],
46 silly audit   '@babel/helper-string-parser': [ '7.27.1' ],
46 silly audit   '@babel/helper-validator-identifier': [ '7.28.5' ],
46 silly audit   '@babel/helper-validator-option': [ '7.27.1' ],
46 silly audit   '@babel/helpers': [ '7.28.6' ],
46 silly audit   '@babel/parser': [ '7.29.0' ],
46 silly audit   '@babel/plugin-transform-react-jsx-self': [ '7.27.1' ],
46 silly audit   '@babel/plugin-transform-react-jsx-source': [ '7.27.1' ],
46 silly audit   '@babel/template': [ '7.28.6' ],
46 silly audit   '@babel/traverse': [ '7.29.0' ],
46 silly audit   '@babel/types': [ '7.29.0' ],
46 silly audit   '@esbuild/aix-ppc64': [ '0.25.12' ],
46 silly audit   '@esbuild/android-arm': [ '0.25.12' ],
46 silly audit   '@esbuild/android-arm64': [ '0.25.12' ],
46 silly audit   '@esbuild/android-x64': [ '0.25.12' ],
46 silly audit   '@esbuild/darwin-arm64': [ '0.25.12' ],
46 silly audit   '@esbuild/darwin-x64': [ '0.25.12' ],
46 silly audit   '@esbuild/freebsd-arm64': [ '0.25.12' ],
46 silly audit   '@esbuild/freebsd-x64': [ '0.25.12' ],
46 silly audit   '@esbuild/linux-arm': [ '0.25.12' ],
46 silly audit   '@esbuild/linux-arm64': [ '0.25.12' ],
46 silly audit   '@esbuild/linux-ia32': [ '0.25.12' ],
46 silly audit   '@esbuild/linux-loong64': [ '0.25.12' ],
46 silly audit   '@esbuild/linux-mips64el': [ '0.25.12' ],
46 silly audit   '@esbuild/linux-ppc64': [ '0.25.12' ],
46 silly audit   '@esbuild/linux-riscv64': [ '0.25.12' ],
46 silly audit   '@esbuild/linux-s390x': [ '0.25.12' ],
46 silly audit   '@esbuild/linux-x64': [ '0.25.12' ],
46 silly audit   '@esbuild/netbsd-arm64': [ '0.25.12' ],
46 silly audit   '@esbuild/netbsd-x64': [ '0.25.12' ],
46 silly audit   '@esbuild/openbsd-arm64': [ '0.25.12' ],
46 silly audit   '@esbuild/openbsd-x64': [ '0.25.12' ],
46 silly audit   '@esbuild/openharmony-arm64': [ '0.25.12' ],
46 silly audit   '@esbuild/sunos-x64': [ '0.25.12' ],
46 silly audit   '@esbuild/win32-arm64': [ '0.25.12' ],
46 silly audit   '@esbuild/win32-ia32': [ '0.25.12' ],
46 silly audit   '@esbuild/win32-x64': [ '0.25.12' ],
46 silly audit   '@jridgewell/gen-mapping': [ '0.3.13' ],
46 silly audit   '@jridgewell/remapping': [ '2.3.5' ],
46 silly audit   '@jridgewell/resolve-uri': [ '3.1.2' ],
46 silly audit   '@jridgewell/sourcemap-codec': [ '1.5.5' ],
46 silly audit   '@jridgewell/trace-mapping': [ '0.3.31' ],
46 silly audit   '@rolldown/pluginutils': [ '1.0.0-beta.47' ],
46 silly audit   '@rollup/rollup-android-arm-eabi': [ '4.59.0' ],
46 silly audit   '@rollup/rollup-android-arm64': [ '4.59.0' ],
46 silly audit   '@rollup/rollup-darwin-arm64': [ '4.59.0' ],
46 silly audit   '@rollup/rollup-darwin-x64': [ '4.59.0' ],
46 silly audit   '@rollup/rollup-freebsd-arm64': [ '4.59.0' ],
46 silly audit   '@rollup/rollup-freebsd-x64': [ '4.59.0' ],
46 silly audit   '@rollup/rollup-linux-arm-gnueabihf': [ '4.59.0' ],
46 silly audit   '@rollup/rollup-linux-arm-musleabihf': [ '4.59.0' ],
46 silly audit   '@rollup/rollup-linux-arm64-gnu': [ '4.59.0' ],
46 silly audit   '@rollup/rollup-linux-arm64-musl': [ '4.59.0' ],
46 silly audit   '@rollup/rollup-linux-loong64-gnu': [ '4.59.0' ],
46 silly audit   '@rollup/rollup-linux-loong64-musl': [ '4.59.0' ],
46 silly audit   '@rollup/rollup-linux-ppc64-gnu': [ '4.59.0' ],
46 silly audit   '@rollup/rollup-linux-ppc64-musl': [ '4.59.0' ],
46 silly audit   '@rollup/rollup-linux-riscv64-gnu': [ '4.59.0' ],
46 silly audit   '@rollup/rollup-linux-riscv64-musl': [ '4.59.0' ],
46 silly audit   '@rollup/rollup-linux-s390x-gnu': [ '4.59.0' ],
46 silly audit   '@rollup/rollup-linux-x64-gnu': [ '4.59.0' ],
46 silly audit   '@rollup/rollup-linux-x64-musl': [ '4.59.0' ],
46 silly audit   '@rollup/rollup-openbsd-x64': [ '4.59.0' ],
46 silly audit   '@rollup/rollup-openharmony-arm64': [ '4.59.0' ],
46 silly audit   '@rollup/rollup-win32-arm64-msvc': [ '4.59.0' ],
46 silly audit   '@rollup/rollup-win32-ia32-msvc': [ '4.59.0' ],
46 silly audit   '@rollup/rollup-win32-x64-gnu': [ '4.59.0' ],
46 silly audit   '@rollup/rollup-win32-x64-msvc': [ '4.59.0' ],
46 silly audit   '@tailwindcss/node': [ '4.1.17' ],
46 silly audit   '@tailwindcss/oxide': [ '4.1.17' ],
46 silly audit   '@tailwindcss/oxide-android-arm64': [ '4.1.17' ],
46 silly audit   '@tailwindcss/oxide-darwin-arm64': [ '4.1.17' ],
46 silly audit   '@tailwindcss/oxide-darwin-x64': [ '4.1.17' ],
46 silly audit   '@tailwindcss/oxide-freebsd-x64': [ '4.1.17' ],
46 silly audit   '@tailwindcss/oxide-linux-arm-gnueabihf': [ '4.1.17' ],
46 silly audit   '@tailwindcss/oxide-linux-arm64-gnu': [ '4.1.17' ],
46 silly audit   '@tailwindcss/oxide-linux-arm64-musl': [ '4.1.17' ],
46 silly audit   '@tailwindcss/oxide-linux-x64-gnu': [ '4.1.17' ],
46 silly audit   '@tailwindcss/oxide-linux-x64-musl': [ '4.1.17' ],
46 silly audit   '@tailwindcss/oxide-win32-arm64-msvc': [ '4.1.17' ],
46 silly audit   '@tailwindcss/oxide-win32-x64-msvc': [ '4.1.17' ],
46 silly audit   '@tailwindcss/vite': [ '4.1.17' ],
46 silly audit   '@types/babel__core': [ '7.20.5' ],
46 silly audit   '@types/babel__generator': [ '7.27.0' ],
46 silly audit   '@types/babel__template': [ '7.4.4' ],
46 silly audit   '@types/babel__traverse': [ '7.28.0' ],
46 silly audit   '@types/estree': [ '1.0.8' ],
46 silly audit   '@types/node': [ '22.19.15' ],
46 silly audit   '@types/react': [ '19.2.7' ],
46 silly audit   '@types/react-dom': [ '19.2.3' ],
46 silly audit   '@vitejs/plugin-react': [ '5.1.1' ],
46 silly audit   'baseline-browser-mapping': [ '2.10.7' ],
46 silly audit   braces: [ '3.0.3' ],
46 silly audit   browserslist: [ '4.28.1' ],
46 silly audit   'caniuse-lite': [ '1.0.30001778' ],
46 silly audit   clsx: [ '2.1.1' ],
46 silly audit   'convert-source-map': [ '2.0.0' ],
46 silly audit   csstype: [ '3.2.3' ],
46 silly audit   debug: [ '4.4.3' ],
46 silly audit   'detect-libc': [ '2.1.2' ],
46 silly audit   'electron-to-chromium': [ '1.5.313' ],
46 silly audit   'enhanced-resolve': [ '5.20.0' ],
46 silly audit   esbuild: [ '0.25.12' ],
46 silly audit   escalade: [ '3.2.0' ],
46 silly audit   fdir: [ '6.5.0' ],
46 silly audit   'fill-range': [ '7.1.1' ],
46 silly audit   'framer-motion': [ '12.36.0' ],
46 silly audit   fsevents: [ '2.3.3' ],
46 silly audit   gensync: [ '1.0.0-beta.2' ],
46 silly audit   'graceful-fs': [ '4.2.11' ],
46 silly audit   'is-number': [ '7.0.0' ],
46 silly audit   jiti: [ '2.6.1' ],
46 silly audit   'js-tokens': [ '4.0.0' ],
46 silly audit   jsesc: [ '3.1.0' ],
46 silly audit   json5: [ '2.2.3' ],
46 silly audit   lightningcss: [ '1.30.2' ],
46 silly audit   'lightningcss-android-arm64': [ '1.30.2' ],
46 silly audit   'lightningcss-darwin-arm64': [ '1.30.2' ],
46 silly audit   'lightningcss-darwin-x64': [ '1.30.2' ],
46 silly audit   'lightningcss-freebsd-x64': [ '1.30.2' ],
46 silly audit   'lightningcss-linux-arm-gnueabihf': [ '1.30.2' ],
46 silly audit   'lightningcss-linux-arm64-gnu': [ '1.30.2' ],
46 silly audit   'lightningcss-linux-arm64-musl': [ '1.30.2' ],
46 silly audit   'lightningcss-linux-x64-gnu': [ '1.30.2' ],
46 silly audit   'lightningcss-linux-x64-musl': [ '1.30.2' ],
46 silly audit   'lightningcss-win32-arm64-msvc': [ '1.30.2' ],
46 silly audit   'lightningcss-win32-x64-msvc': [ '1.30.2' ],
46 silly audit   'lodash.throttle': [ '4.1.1' ],
46 silly audit   'loose-envify': [ '1.4.0' ],
46 silly audit   'lru-cache': [ '5.1.1' ],
46 silly audit   'lucide-react': [ '0.577.0' ],
46 silly audit   'magic-string': [ '0.30.21' ],
46 silly audit   micromatch: [ '4.0.8' ],
46 silly audit   picomatch: [ '2.3.1', '4.0.3' ],
46 silly audit   'motion-dom': [ '12.36.0' ],
46 silly audit   'motion-utils': [ '12.36.0' ],
46 silly audit   ms: [ '2.1.3' ],
46 silly audit   nanoid: [ '3.3.11' ],
46 silly audit   'node-releases': [ '2.0.36' ],
46 silly audit   'object-assign': [ '4.1.1' ],
46 silly audit   picocolors: [ '1.1.1' ],
46 silly audit   postcss: [ '8.5.8' ],
46 silly audit   'prop-types': [ '15.8.1' ],
46 silly audit   react: [ '19.2.3' ],
46 silly audit   'react-dom': [ '19.2.3' ],
46 silly audit   'react-intersection-observer': [ '10.0.3' ],
46 silly audit   'react-is': [ '16.13.1' ],
46 silly audit   'react-refresh': [ '0.18.0' ],
46 silly audit   'react-scroll': [ '1.9.3' ],
46 silly audit   rollup: [ '4.59.0' ],
46 silly audit   scheduler: [ '0.27.0' ],
46 silly audit   semver: [ '6.3.1' ],
46 silly audit   'source-map-js': [ '1.2.1' ],
46 silly audit   'tailwind-merge': [ '3.4.0' ],
46 silly audit   tailwindcss: [ '4.1.17' ],
46 silly audit   tapable: [ '2.3.0' ],
46 silly audit   tinyglobby: [ '0.2.15' ],
46 silly audit   'to-regex-range': [ '5.0.1' ],
46 silly audit   tslib: [ '2.8.1' ],
46 silly audit   typescript: [ '5.9.3' ],
46 silly audit   'undici-types': [ '6.21.0' ],
46 silly audit   'update-browserslist-db': [ '1.2.3' ],
46 silly audit   vite: [ '7.2.4' ],
46 silly audit   'vite-plugin-singlefile': [ '2.3.0' ],
46 silly audit   yallist: [ '3.1.1' ],
46 silly audit   '@tailwindcss/oxide-wasm32-wasi': [ '4.1.17' ],
46 silly audit   '@emnapi/core': [ '1.6.0' ],
46 silly audit   '@emnapi/wasi-threads': [ '1.1.0' ],
46 silly audit   '@tybys/wasm-util': [ '0.10.1' ],
46 silly audit   '@emnapi/runtime': [ '1.6.0' ],
46 silly audit   '@napi-rs/wasm-runtime': [ '1.0.7' ]
46 silly audit }
47 timing reify:save Completed in 263ms
48 http fetch POST 200 https://registry.npmjs.org/-/npm/v1/security/advisories/bulk 1046ms
49 timing auditReport:getReport Completed in 1055ms
50 silly audit report {}
51 timing auditReport:init Completed in 0ms
52 timing reify:audit Completed in 1056ms
53 timing reify Completed in 3604ms
54 timing command:install Completed in 3634ms
55 notice
55 notice New major version of npm available! 10.5.0 -> 11.11.1
55 notice Changelog: <https://github.com/npm/cli/releases/tag/v11.11.1>
55 notice Run `npm install -g npm@11.11.1` to update!
55 notice
56 verbose exit 0
57 timing npm Completed in 4708ms
58 info ok
