0 verbose cli C:\Program Files\nodejs\node.exe C:\Users\Ayussh Srivastav\AppData\Roaming\npm\node_modules\npm\bin\npm-cli.js
1 info using npm@10.5.0
2 info using node@v24.14.0
3 timing npm:load:whichnode Completed in 5ms
4 timing config:load:defaults Completed in 5ms
5 timing config:load:file:C:\Users\Ayussh Srivastav\AppData\Roaming\npm\node_modules\npm\npmrc Completed in 7ms
6 timing config:load:builtin Completed in 7ms
7 timing config:load:cli Completed in 5ms
8 timing config:load:env Completed in 1ms
9 timing config:load:file:c:\Users\Ayussh Srivastav\Desktop\SANA\.npmrc Completed in 1ms
10 timing config:load:project Completed in 3ms
11 timing config:load:file:C:\Users\Ayussh Srivastav\.npmrc Completed in 0ms
12 timing config:load:user Completed in 0ms
13 timing config:load:file:C:\Users\Ayussh Srivastav\AppData\Roaming\npm\etc\npmrc Completed in 1ms
14 timing config:load:global Completed in 2ms
15 timing config:load:setEnvs Completed in 2ms
16 timing config:load Completed in 25ms
17 timing npm:load:configload Completed in 25ms
18 timing config:load:flatten Completed in 9ms
19 timing npm:load:mkdirpcache Completed in 1ms
20 timing npm:load:mkdirplogs Completed in 2ms
21 verbose title npm ls
22 verbose argv "ls" "--depth" "0" "--package-lock-only" "--omit" "dev" "--json"
23 timing npm:load:setTitle Completed in 2ms
24 timing npm:load:display Completed in 2ms
25 verbose logfile logs-max:10 dir:c:\Users\Ayussh Srivastav\Desktop\SANA\Srivastav\AppData\Roaming\npm-cache\_npx\2780\_logs\2026-03-14T13_51_22_004Z-
26 verbose logfile c:\Users\Ayussh Srivastav\Desktop\SANA\Srivastav\AppData\Roaming\npm-cache\_npx\2780\_logs\2026-03-14T13_51_22_004Z-debug-0.log
27 timing npm:load:logFile Completed in 24ms
28 timing npm:load:timers Completed in 1ms
29 timing npm:load:configScope Completed in 0ms
30 timing npm:load Completed in 92ms
31 timing arborist:ctor Completed in 1ms
32 silly logfile start cleaning logs, removing 1 files
33 silly logfile done cleaning log files
34 timing command:ls Completed in 861ms
35 verbose exit 0
36 timing npm Completed in 1083ms
37 info ok
