0 verbose cli C:\Program Files\nodejs\node.exe C:\Users\Ayussh Srivastav\AppData\Roaming\npm\node_modules\npm\bin\npm-cli.js
1 info using npm@10.5.0
2 info using node@v24.14.0
3 timing npm:load:whichnode Completed in 2ms
4 timing config:load:defaults Completed in 2ms
5 timing config:load:file:C:\Users\Ayussh Srivastav\AppData\Roaming\npm\node_modules\npm\npmrc Completed in 4ms
6 timing config:load:builtin Completed in 4ms
7 timing config:load:cli Completed in 1ms
8 timing config:load:env Completed in 0ms
9 timing config:load:file:C:\Users\Ayussh Srivastav\Desktop\SANA\.npmrc Completed in 0ms
10 timing config:load:project Completed in 1ms
11 timing config:load:file:C:\Users\Ayussh Srivastav\.npmrc Completed in 1ms
12 timing config:load:user Completed in 1ms
13 timing config:load:file:C:\Users\Ayussh Srivastav\AppData\Roaming\npm\etc\npmrc Completed in 0ms
14 timing config:load:global Completed in 0ms
15 timing config:load:setEnvs Completed in 1ms
16 timing config:load Completed in 12ms
17 timing npm:load:configload Completed in 12ms
18 timing config:load:flatten Completed in 2ms
19 timing npm:load:mkdirpcache Completed in 1ms
20 timing npm:load:mkdirplogs Completed in 0ms
21 verbose title npm install
22 verbose argv "install"
23 timing npm:load:setTitle Completed in 1ms
24 timing npm:load:display Completed in 0ms
25 verbose logfile logs-max:10 dir:C:\Users\Ayussh Srivastav\Desktop\SANA\Srivastav\AppData\Roaming\npm-cache\_npx\2780\_logs\2026-03-13T18_49_49_082Z-
26 verbose logfile C:\Users\Ayussh Srivastav\Desktop\SANA\Srivastav\AppData\Roaming\npm-cache\_npx\2780\_logs\2026-03-13T18_49_49_082Z-debug-0.log
27 timing npm:load:logFile Completed in 12ms
28 timing npm:load:timers Completed in 0ms
29 timing npm:load:configScope Completed in 0ms
30 timing npm:load Completed in 41ms
31 timing arborist:ctor Completed in 1ms
32 silly logfile done cleaning log files
33 timing idealTree:init Completed in 239ms
34 timing idealTree:userRequests Completed in 0ms
35 silly idealTree buildDeps
36 timing idealTree:#root Completed in 1ms
37 timing idealTree:buildDeps Completed in 5ms
38 timing idealTree:fixDepFlags Completed in 0ms
39 timing idealTree Completed in 253ms
40 timing reify:loadTrees Completed in 272ms
41 timing reify:diffTrees Completed in 6ms
42 silly reify moves {}
43 timing reify:retireShallow Completed in 2ms
44 timing reify:createSparse Completed in 314ms
45 verbose reify failed optional dependency C:\Users\Ayussh Srivastav\Desktop\SANA\node_modules\@tailwindcss\oxide-wasm32-wasi
46 silly reify mark deleted [
46 silly reify   'C:\\Users\\Ayussh Srivastav\\Desktop\\SANA\\node_modules\\@tailwindcss\\oxide-wasm32-wasi'
46 silly reify ]
47 verbose reify failed optional dependency C:\Users\Ayussh Srivastav\Desktop\SANA\node_modules\@tailwindcss\oxide-wasm32-wasi\node_modules\@emnapi\core
48 silly reify mark deleted [
48 silly reify   'C:\\Users\\Ayussh Srivastav\\Desktop\\SANA\\node_modules\\@tailwindcss\\oxide-wasm32-wasi\\node_modules\\@emnapi\\core'
48 silly reify ]
49 verbose reify failed optional dependency C:\Users\Ayussh Srivastav\Desktop\SANA\node_modules\@tailwindcss\oxide-wasm32-wasi\node_modules\@emnapi\runtime
50 silly reify mark deleted [
50 silly reify   'C:\\Users\\Ayussh Srivastav\\Desktop\\SANA\\node_modules\\@tailwindcss\\oxide-wasm32-wasi\\node_modules\\@emnapi\\runtime'
50 silly reify ]
51 verbose reify failed optional dependency C:\Users\Ayussh Srivastav\Desktop\SANA\node_modules\@tailwindcss\oxide-wasm32-wasi\node_modules\@emnapi\wasi-threads
52 silly reify mark deleted [
52 silly reify   'C:\\Users\\Ayussh Srivastav\\Desktop\\SANA\\node_modules\\@tailwindcss\\oxide-wasm32-wasi\\node_modules\\@emnapi\\wasi-threads'
52 silly reify ]
53 verbose reify failed optional dependency C:\Users\Ayussh Srivastav\Desktop\SANA\node_modules\@tailwindcss\oxide-wasm32-wasi\node_modules\@napi-rs\wasm-runtime
54 silly reify mark deleted [
54 silly reify   'C:\\Users\\Ayussh Srivastav\\Desktop\\SANA\\node_modules\\@tailwindcss\\oxide-wasm32-wasi\\node_modules\\@napi-rs\\wasm-runtime'
54 silly reify ]
55 verbose reify failed optional dependency C:\Users\Ayussh Srivastav\Desktop\SANA\node_modules\@tailwindcss\oxide-wasm32-wasi\node_modules\@tybys\wasm-util
56 silly reify mark deleted [
56 silly reify   'C:\\Users\\Ayussh Srivastav\\Desktop\\SANA\\node_modules\\@tailwindcss\\oxide-wasm32-wasi\\node_modules\\@tybys\\wasm-util'
56 silly reify ]
57 verbose reify failed optional dependency C:\Users\Ayussh Srivastav\Desktop\SANA\node_modules\@tailwindcss\oxide-wasm32-wasi\node_modules\tslib
58 silly reify mark deleted [
58 silly reify   'C:\\Users\\Ayussh Srivastav\\Desktop\\SANA\\node_modules\\@tailwindcss\\oxide-wasm32-wasi\\node_modules\\tslib'
58 silly reify ]
59 timing reifyNode:node_modules/@tailwindcss/oxide-wasm32-wasi Completed in 31ms
60 timing arborist:ctor Completed in 1ms
61 timing reify:diffTrees Completed in 4ms
62 timing reify:loadBundles Completed in 57ms
63 silly audit bulk request {
63 silly audit   '@babel/code-frame': [ '7.29.0' ],
63 silly audit   '@babel/compat-data': [ '7.29.0' ],
63 silly audit   '@babel/core': [ '7.29.0' ],
63 silly audit   '@babel/generator': [ '7.29.1' ],
63 silly audit   '@babel/helper-compilation-targets': [ '7.28.6' ],
63 silly audit   '@babel/helper-globals': [ '7.28.0' ],
63 silly audit   '@babel/helper-module-imports': [ '7.28.6' ],
63 silly audit   '@babel/helper-module-transforms': [ '7.28.6' ],
63 silly audit   '@babel/helper-plugin-utils': [ '7.28.6' ],
63 silly audit   '@babel/helper-string-parser': [ '7.27.1' ],
63 silly audit   '@babel/helper-validator-identifier': [ '7.28.5' ],
63 silly audit   '@babel/helper-validator-option': [ '7.27.1' ],
63 silly audit   '@babel/helpers': [ '7.28.6' ],
63 silly audit   '@babel/parser': [ '7.29.0' ],
63 silly audit   '@babel/plugin-transform-react-jsx-self': [ '7.27.1' ],
63 silly audit   '@babel/plugin-transform-react-jsx-source': [ '7.27.1' ],
63 silly audit   '@babel/template': [ '7.28.6' ],
63 silly audit   '@babel/traverse': [ '7.29.0' ],
63 silly audit   '@babel/types': [ '7.29.0' ],
63 silly audit   '@esbuild/aix-ppc64': [ '0.25.12' ],
63 silly audit   '@esbuild/android-arm': [ '0.25.12' ],
63 silly audit   '@esbuild/android-arm64': [ '0.25.12' ],
63 silly audit   '@esbuild/android-x64': [ '0.25.12' ],
63 silly audit   '@esbuild/darwin-arm64': [ '0.25.12' ],
63 silly audit   '@esbuild/darwin-x64': [ '0.25.12' ],
63 silly audit   '@esbuild/freebsd-arm64': [ '0.25.12' ],
63 silly audit   '@esbuild/freebsd-x64': [ '0.25.12' ],
63 silly audit   '@esbuild/linux-arm': [ '0.25.12' ],
63 silly audit   '@esbuild/linux-arm64': [ '0.25.12' ],
63 silly audit   '@esbuild/linux-ia32': [ '0.25.12' ],
63 silly audit   '@esbuild/linux-loong64': [ '0.25.12' ],
63 silly audit   '@esbuild/linux-mips64el': [ '0.25.12' ],
63 silly audit   '@esbuild/linux-ppc64': [ '0.25.12' ],
63 silly audit   '@esbuild/linux-riscv64': [ '0.25.12' ],
63 silly audit   '@esbuild/linux-s390x': [ '0.25.12' ],
63 silly audit   '@esbuild/linux-x64': [ '0.25.12' ],
63 silly audit   '@esbuild/netbsd-arm64': [ '0.25.12' ],
63 silly audit   '@esbuild/netbsd-x64': [ '0.25.12' ],
63 silly audit   '@esbuild/openbsd-arm64': [ '0.25.12' ],
63 silly audit   '@esbuild/openbsd-x64': [ '0.25.12' ],
63 silly audit   '@esbuild/openharmony-arm64': [ '0.25.12' ],
63 silly audit   '@esbuild/sunos-x64': [ '0.25.12' ],
63 silly audit   '@esbuild/win32-arm64': [ '0.25.12' ],
63 silly audit   '@esbuild/win32-ia32': [ '0.25.12' ],
63 silly audit   '@esbuild/win32-x64': [ '0.25.12' ],
63 silly audit   '@jridgewell/gen-mapping': [ '0.3.13' ],
63 silly audit   '@jridgewell/remapping': [ '2.3.5' ],
63 silly audit   '@jridgewell/resolve-uri': [ '3.1.2' ],
63 silly audit   '@jridgewell/sourcemap-codec': [ '1.5.5' ],
63 silly audit   '@jridgewell/trace-mapping': [ '0.3.31' ],
63 silly audit   '@rolldown/pluginutils': [ '1.0.0-beta.47' ],
63 silly audit   '@rollup/rollup-android-arm-eabi': [ '4.59.0' ],
63 silly audit   '@rollup/rollup-android-arm64': [ '4.59.0' ],
63 silly audit   '@rollup/rollup-darwin-arm64': [ '4.59.0' ],
63 silly audit   '@rollup/rollup-darwin-x64': [ '4.59.0' ],
63 silly audit   '@rollup/rollup-freebsd-arm64': [ '4.59.0' ],
63 silly audit   '@rollup/rollup-freebsd-x64': [ '4.59.0' ],
63 silly audit   '@rollup/rollup-linux-arm-gnueabihf': [ '4.59.0' ],
63 silly audit   '@rollup/rollup-linux-arm-musleabihf': [ '4.59.0' ],
63 silly audit   '@rollup/rollup-linux-arm64-gnu': [ '4.59.0' ],
63 silly audit   '@rollup/rollup-linux-arm64-musl': [ '4.59.0' ],
63 silly audit   '@rollup/rollup-linux-loong64-gnu': [ '4.59.0' ],
63 silly audit   '@rollup/rollup-linux-loong64-musl': [ '4.59.0' ],
63 silly audit   '@rollup/rollup-linux-ppc64-gnu': [ '4.59.0' ],
63 silly audit   '@rollup/rollup-linux-ppc64-musl': [ '4.59.0' ],
63 silly audit   '@rollup/rollup-linux-riscv64-gnu': [ '4.59.0' ],
63 silly audit   '@rollup/rollup-linux-riscv64-musl': [ '4.59.0' ],
63 silly audit   '@rollup/rollup-linux-s390x-gnu': [ '4.59.0' ],
63 silly audit   '@rollup/rollup-linux-x64-gnu': [ '4.59.0' ],
63 silly audit   '@rollup/rollup-linux-x64-musl': [ '4.59.0' ],
63 silly audit   '@rollup/rollup-openbsd-x64': [ '4.59.0' ],
63 silly audit   '@rollup/rollup-openharmony-arm64': [ '4.59.0' ],
63 silly audit   '@rollup/rollup-win32-arm64-msvc': [ '4.59.0' ],
63 silly audit   '@rollup/rollup-win32-ia32-msvc': [ '4.59.0' ],
63 silly audit   '@rollup/rollup-win32-x64-gnu': [ '4.59.0' ],
63 silly audit   '@rollup/rollup-win32-x64-msvc': [ '4.59.0' ],
63 silly audit   '@tailwindcss/node': [ '4.1.17' ],
63 silly audit   '@tailwindcss/oxide': [ '4.1.17' ],
63 silly audit   '@tailwindcss/oxide-android-arm64': [ '4.1.17' ],
63 silly audit   '@tailwindcss/oxide-darwin-arm64': [ '4.1.17' ],
63 silly audit   '@tailwindcss/oxide-darwin-x64': [ '4.1.17' ],
63 silly audit   '@tailwindcss/oxide-freebsd-x64': [ '4.1.17' ],
63 silly audit   '@tailwindcss/oxide-linux-arm-gnueabihf': [ '4.1.17' ],
63 silly audit   '@tailwindcss/oxide-linux-arm64-gnu': [ '4.1.17' ],
63 silly audit   '@tailwindcss/oxide-linux-arm64-musl': [ '4.1.17' ],
63 silly audit   '@tailwindcss/oxide-linux-x64-gnu': [ '4.1.17' ],
63 silly audit   '@tailwindcss/oxide-linux-x64-musl': [ '4.1.17' ],
63 silly audit   '@emnapi/core': [ '1.6.0' ],
63 silly audit   '@emnapi/runtime': [ '1.6.0' ],
63 silly audit   '@emnapi/wasi-threads': [ '1.1.0' ],
63 silly audit   '@napi-rs/wasm-runtime': [ '1.0.7' ],
63 silly audit   '@tybys/wasm-util': [ '0.10.1' ],
63 silly audit   tslib: [ '2.8.1' ],
63 silly audit   '@tailwindcss/oxide-win32-arm64-msvc': [ '4.1.17' ],
63 silly audit   '@tailwindcss/oxide-win32-x64-msvc': [ '4.1.17' ],
63 silly audit   '@tailwindcss/vite': [ '4.1.17' ],
63 silly audit   '@types/babel__core': [ '7.20.5' ],
63 silly audit   '@types/babel__generator': [ '7.27.0' ],
63 silly audit   '@types/babel__template': [ '7.4.4' ],
63 silly audit   '@types/babel__traverse': [ '7.28.0' ],
63 silly audit   '@types/estree': [ '1.0.8' ],
63 silly audit   '@types/node': [ '22.19.15' ],
63 silly audit   '@types/react': [ '19.2.7' ],
63 silly audit   '@types/react-dom': [ '19.2.3' ],
63 silly audit   '@vitejs/plugin-react': [ '5.1.1' ],
63 silly audit   'baseline-browser-mapping': [ '2.10.7' ],
63 silly audit   braces: [ '3.0.3' ],
63 silly audit   browserslist: [ '4.28.1' ],
63 silly audit   'caniuse-lite': [ '1.0.30001778' ],
63 silly audit   clsx: [ '2.1.1' ],
63 silly audit   'convert-source-map': [ '2.0.0' ],
63 silly audit   csstype: [ '3.2.3' ],
63 silly audit   debug: [ '4.4.3' ],
63 silly audit   'detect-libc': [ '2.1.2' ],
63 silly audit   'electron-to-chromium': [ '1.5.313' ],
63 silly audit   'enhanced-resolve': [ '5.20.0' ],
63 silly audit   esbuild: [ '0.25.12' ],
63 silly audit   escalade: [ '3.2.0' ],
63 silly audit   fdir: [ '6.5.0' ],
63 silly audit   'fill-range': [ '7.1.1' ],
63 silly audit   'framer-motion': [ '12.36.0' ],
63 silly audit   fsevents: [ '2.3.3' ],
63 silly audit   gensync: [ '1.0.0-beta.2' ],
63 silly audit   'graceful-fs': [ '4.2.11' ],
63 silly audit   'is-number': [ '7.0.0' ],
63 silly audit   jiti: [ '2.6.1' ],
63 silly audit   'js-tokens': [ '4.0.0' ],
63 silly audit   jsesc: [ '3.1.0' ],
63 silly audit   json5: [ '2.2.3' ],
63 silly audit   lightningcss: [ '1.30.2' ],
63 silly audit   'lightningcss-android-arm64': [ '1.30.2' ],
63 silly audit   'lightningcss-darwin-arm64': [ '1.30.2' ],
63 silly audit   'lightningcss-darwin-x64': [ '1.30.2' ],
63 silly audit   'lightningcss-freebsd-x64': [ '1.30.2' ],
63 silly audit   'lightningcss-linux-arm-gnueabihf': [ '1.30.2' ],
63 silly audit   'lightningcss-linux-arm64-gnu': [ '1.30.2' ],
63 silly audit   'lightningcss-linux-arm64-musl': [ '1.30.2' ],
63 silly audit   'lightningcss-linux-x64-gnu': [ '1.30.2' ],
63 silly audit   'lightningcss-linux-x64-musl': [ '1.30.2' ],
63 silly audit   'lightningcss-win32-arm64-msvc': [ '1.30.2' ],
63 silly audit   'lightningcss-win32-x64-msvc': [ '1.30.2' ],
63 silly audit   'lodash.throttle': [ '4.1.1' ],
63 silly audit   'loose-envify': [ '1.4.0' ],
63 silly audit   'lru-cache': [ '5.1.1' ],
63 silly audit   'lucide-react': [ '0.577.0' ],
63 silly audit   'magic-string': [ '0.30.21' ],
63 silly audit   micromatch: [ '4.0.8' ],
63 silly audit   picomatch: [ '2.3.1', '4.0.3' ],
63 silly audit   'motion-dom': [ '12.36.0' ],
63 silly audit   'motion-utils': [ '12.36.0' ],
63 silly audit   ms: [ '2.1.3' ],
63 silly audit   nanoid: [ '3.3.11' ],
63 silly audit   'node-releases': [ '2.0.36' ],
63 silly audit   'object-assign': [ '4.1.1' ],
63 silly audit   picocolors: [ '1.1.1' ],
63 silly audit   postcss: [ '8.5.8' ],
63 silly audit   'prop-types': [ '15.8.1' ],
63 silly audit   react: [ '19.2.3' ],
63 silly audit   'react-dom': [ '19.2.3' ],
63 silly audit   'react-intersection-observer': [ '10.0.3' ],
63 silly audit   'react-is': [ '16.13.1' ],
63 silly audit   'react-refresh': [ '0.18.0' ],
63 silly audit   'react-scroll': [ '1.9.3' ],
63 silly audit   rollup: [ '4.59.0' ],
63 silly audit   scheduler: [ '0.27.0' ],
63 silly audit   semver: [ '6.3.1' ],
63 silly audit   'source-map-js': [ '1.2.1' ],
63 silly audit   'tailwind-merge': [ '3.4.0' ],
63 silly audit   tailwindcss: [ '4.1.17' ],
63 silly audit   tapable: [ '2.3.0' ],
63 silly audit   tinyglobby: [ '0.2.15' ],
63 silly audit   'to-regex-range': [ '5.0.1' ],
63 silly audit   typescript: [ '5.9.3' ],
63 silly audit   'undici-types': [ '6.21.0' ],
63 silly audit   'update-browserslist-db': [ '1.2.3' ],
63 silly audit   vite: [ '7.2.4' ],
63 silly audit   'vite-plugin-singlefile': [ '2.3.0' ],
63 silly audit   yallist: [ '3.1.1' ],
63 silly audit   '@tailwindcss/oxide-wasm32-wasi': [ '4.1.17' ]
63 silly audit }
64 verbose reify failed optional dependency C:\Users\Ayussh Srivastav\Desktop\SANA\node_modules\lightningcss-win32-arm64-msvc
65 silly reify mark deleted [
65 silly reify   'C:\\Users\\Ayussh Srivastav\\Desktop\\SANA\\node_modules\\lightningcss-win32-arm64-msvc'
65 silly reify ]
66 verbose reify failed optional dependency C:\Users\Ayussh Srivastav\Desktop\SANA\node_modules\lightningcss-linux-x64-musl
67 silly reify mark deleted [
67 silly reify   'C:\\Users\\Ayussh Srivastav\\Desktop\\SANA\\node_modules\\lightningcss-linux-x64-musl'
67 silly reify ]
68 verbose reify failed optional dependency C:\Users\Ayussh Srivastav\Desktop\SANA\node_modules\lightningcss-linux-x64-gnu
69 silly reify mark deleted [
69 silly reify   'C:\\Users\\Ayussh Srivastav\\Desktop\\SANA\\node_modules\\lightningcss-linux-x64-gnu'
69 silly reify ]
70 verbose reify failed optional dependency C:\Users\Ayussh Srivastav\Desktop\SANA\node_modules\lightningcss-linux-arm64-musl
71 silly reify mark deleted [
71 silly reify   'C:\\Users\\Ayussh Srivastav\\Desktop\\SANA\\node_modules\\lightningcss-linux-arm64-musl'
71 silly reify ]
72 verbose reify failed optional dependency C:\Users\Ayussh Srivastav\Desktop\SANA\node_modules\lightningcss-linux-arm64-gnu
73 silly reify mark deleted [
73 silly reify   'C:\\Users\\Ayussh Srivastav\\Desktop\\SANA\\node_modules\\lightningcss-linux-arm64-gnu'
73 silly reify ]
74 verbose reify failed optional dependency C:\Users\Ayussh Srivastav\Desktop\SANA\node_modules\lightningcss-linux-arm-gnueabihf
75 silly reify mark deleted [
75 silly reify   'C:\\Users\\Ayussh Srivastav\\Desktop\\SANA\\node_modules\\lightningcss-linux-arm-gnueabihf'
75 silly reify ]
76 verbose reify failed optional dependency C:\Users\Ayussh Srivastav\Desktop\SANA\node_modules\lightningcss-freebsd-x64
77 silly reify mark deleted [
77 silly reify   'C:\\Users\\Ayussh Srivastav\\Desktop\\SANA\\node_modules\\lightningcss-freebsd-x64'
77 silly reify ]
78 verbose reify failed optional dependency C:\Users\Ayussh Srivastav\Desktop\SANA\node_modules\lightningcss-darwin-x64
79 silly reify mark deleted [
79 silly reify   'C:\\Users\\Ayussh Srivastav\\Desktop\\SANA\\node_modules\\lightningcss-darwin-x64'
79 silly reify ]
80 verbose reify failed optional dependency C:\Users\Ayussh Srivastav\Desktop\SANA\node_modules\lightningcss-darwin-arm64
81 silly reify mark deleted [
81 silly reify   'C:\\Users\\Ayussh Srivastav\\Desktop\\SANA\\node_modules\\lightningcss-darwin-arm64'
81 silly reify ]
82 verbose reify failed optional dependency C:\Users\Ayussh Srivastav\Desktop\SANA\node_modules\lightningcss-android-arm64
83 silly reify mark deleted [
83 silly reify   'C:\\Users\\Ayussh Srivastav\\Desktop\\SANA\\node_modules\\lightningcss-android-arm64'
83 silly reify ]
84 verbose reify failed optional dependency C:\Users\Ayussh Srivastav\Desktop\SANA\node_modules\fsevents
85 silly reify mark deleted [
85 silly reify   'C:\\Users\\Ayussh Srivastav\\Desktop\\SANA\\node_modules\\fsevents'
85 silly reify ]
86 verbose reify failed optional dependency C:\Users\Ayussh Srivastav\Desktop\SANA\node_modules\@tailwindcss\oxide-win32-arm64-msvc
87 silly reify mark deleted [
87 silly reify   'C:\\Users\\Ayussh Srivastav\\Desktop\\SANA\\node_modules\\@tailwindcss\\oxide-win32-arm64-msvc'
87 silly reify ]
88 verbose reify failed optional dependency C:\Users\Ayussh Srivastav\Desktop\SANA\node_modules\@tailwindcss\oxide-linux-x64-musl
89 silly reify mark deleted [
89 silly reify   'C:\\Users\\Ayussh Srivastav\\Desktop\\SANA\\node_modules\\@tailwindcss\\oxide-linux-x64-musl'
89 silly reify ]
90 verbose reify failed optional dependency C:\Users\Ayussh Srivastav\Desktop\SANA\node_modules\@tailwindcss\oxide-linux-x64-gnu
91 silly reify mark deleted [
91 silly reify   'C:\\Users\\Ayussh Srivastav\\Desktop\\SANA\\node_modules\\@tailwindcss\\oxide-linux-x64-gnu'
91 silly reify ]
92 verbose reify failed optional dependency C:\Users\Ayussh Srivastav\Desktop\SANA\node_modules\@tailwindcss\oxide-linux-arm64-musl
93 silly reify mark deleted [
93 silly reify   'C:\\Users\\Ayussh Srivastav\\Desktop\\SANA\\node_modules\\@tailwindcss\\oxide-linux-arm64-musl'
93 silly reify ]
94 verbose reify failed optional dependency C:\Users\Ayussh Srivastav\Desktop\SANA\node_modules\@tailwindcss\oxide-linux-arm64-gnu
95 silly reify mark deleted [
95 silly reify   'C:\\Users\\Ayussh Srivastav\\Desktop\\SANA\\node_modules\\@tailwindcss\\oxide-linux-arm64-gnu'
95 silly reify ]
96 verbose reify failed optional dependency C:\Users\Ayussh Srivastav\Desktop\SANA\node_modules\@tailwindcss\oxide-linux-arm-gnueabihf
97 silly reify mark deleted [
97 silly reify   'C:\\Users\\Ayussh Srivastav\\Desktop\\SANA\\node_modules\\@tailwindcss\\oxide-linux-arm-gnueabihf'
97 silly reify ]
98 verbose reify failed optional dependency C:\Users\Ayussh Srivastav\Desktop\SANA\node_modules\@tailwindcss\oxide-freebsd-x64
99 silly reify mark deleted [
99 silly reify   'C:\\Users\\Ayussh Srivastav\\Desktop\\SANA\\node_modules\\@tailwindcss\\oxide-freebsd-x64'
99 silly reify ]
100 verbose reify failed optional dependency C:\Users\Ayussh Srivastav\Desktop\SANA\node_modules\@tailwindcss\oxide-darwin-x64
101 silly reify mark deleted [
101 silly reify   'C:\\Users\\Ayussh Srivastav\\Desktop\\SANA\\node_modules\\@tailwindcss\\oxide-darwin-x64'
101 silly reify ]
102 verbose reify failed optional dependency C:\Users\Ayussh Srivastav\Desktop\SANA\node_modules\@tailwindcss\oxide-darwin-arm64
103 silly reify mark deleted [
103 silly reify   'C:\\Users\\Ayussh Srivastav\\Desktop\\SANA\\node_modules\\@tailwindcss\\oxide-darwin-arm64'
103 silly reify ]
104 verbose reify failed optional dependency C:\Users\Ayussh Srivastav\Desktop\SANA\node_modules\@tailwindcss\oxide-android-arm64
105 silly reify mark deleted [
105 silly reify   'C:\\Users\\Ayussh Srivastav\\Desktop\\SANA\\node_modules\\@tailwindcss\\oxide-android-arm64'
105 silly reify ]
106 verbose reify failed optional dependency C:\Users\Ayussh Srivastav\Desktop\SANA\node_modules\@rollup\rollup-win32-ia32-msvc
107 silly reify mark deleted [
107 silly reify   'C:\\Users\\Ayussh Srivastav\\Desktop\\SANA\\node_modules\\@rollup\\rollup-win32-ia32-msvc'
107 silly reify ]
108 verbose reify failed optional dependency C:\Users\Ayussh Srivastav\Desktop\SANA\node_modules\@rollup\rollup-win32-arm64-msvc
109 silly reify mark deleted [
109 silly reify   'C:\\Users\\Ayussh Srivastav\\Desktop\\SANA\\node_modules\\@rollup\\rollup-win32-arm64-msvc'
109 silly reify ]
110 verbose reify failed optional dependency C:\Users\Ayussh Srivastav\Desktop\SANA\node_modules\@rollup\rollup-openharmony-arm64
111 silly reify mark deleted [
111 silly reify   'C:\\Users\\Ayussh Srivastav\\Desktop\\SANA\\node_modules\\@rollup\\rollup-openharmony-arm64'
111 silly reify ]
112 verbose reify failed optional dependency C:\Users\Ayussh Srivastav\Desktop\SANA\node_modules\@rollup\rollup-openbsd-x64
113 silly reify mark deleted [
113 silly reify   'C:\\Users\\Ayussh Srivastav\\Desktop\\SANA\\node_modules\\@rollup\\rollup-openbsd-x64'
113 silly reify ]
114 verbose reify failed optional dependency C:\Users\Ayussh Srivastav\Desktop\SANA\node_modules\@rollup\rollup-linux-x64-musl
115 silly reify mark deleted [
115 silly reify   'C:\\Users\\Ayussh Srivastav\\Desktop\\SANA\\node_modules\\@rollup\\rollup-linux-x64-musl'
115 silly reify ]
116 verbose reify failed optional dependency C:\Users\Ayussh Srivastav\Desktop\SANA\node_modules\@rollup\rollup-linux-x64-gnu
117 silly reify mark deleted [
117 silly reify   'C:\\Users\\Ayussh Srivastav\\Desktop\\SANA\\node_modules\\@rollup\\rollup-linux-x64-gnu'
117 silly reify ]
118 verbose reify failed optional dependency C:\Users\Ayussh Srivastav\Desktop\SANA\node_modules\@rollup\rollup-linux-s390x-gnu
119 silly reify mark deleted [
119 silly reify   'C:\\Users\\Ayussh Srivastav\\Desktop\\SANA\\node_modules\\@rollup\\rollup-linux-s390x-gnu'
119 silly reify ]
120 verbose reify failed optional dependency C:\Users\Ayussh Srivastav\Desktop\SANA\node_modules\@rollup\rollup-linux-riscv64-musl
121 silly reify mark deleted [
121 silly reify   'C:\\Users\\Ayussh Srivastav\\Desktop\\SANA\\node_modules\\@rollup\\rollup-linux-riscv64-musl'
121 silly reify ]
122 verbose reify failed optional dependency C:\Users\Ayussh Srivastav\Desktop\SANA\node_modules\@rollup\rollup-linux-riscv64-gnu
123 silly reify mark deleted [
123 silly reify   'C:\\Users\\Ayussh Srivastav\\Desktop\\SANA\\node_modules\\@rollup\\rollup-linux-riscv64-gnu'
123 silly reify ]
124 verbose reify failed optional dependency C:\Users\Ayussh Srivastav\Desktop\SANA\node_modules\@rollup\rollup-linux-ppc64-musl
125 silly reify mark deleted [
125 silly reify   'C:\\Users\\Ayussh Srivastav\\Desktop\\SANA\\node_modules\\@rollup\\rollup-linux-ppc64-musl'
125 silly reify ]
126 verbose reify failed optional dependency C:\Users\Ayussh Srivastav\Desktop\SANA\node_modules\@rollup\rollup-linux-ppc64-gnu
127 silly reify mark deleted [
127 silly reify   'C:\\Users\\Ayussh Srivastav\\Desktop\\SANA\\node_modules\\@rollup\\rollup-linux-ppc64-gnu'
127 silly reify ]
128 verbose reify failed optional dependency C:\Users\Ayussh Srivastav\Desktop\SANA\node_modules\@rollup\rollup-linux-loong64-musl
129 silly reify mark deleted [
129 silly reify   'C:\\Users\\Ayussh Srivastav\\Desktop\\SANA\\node_modules\\@rollup\\rollup-linux-loong64-musl'
129 silly reify ]
130 verbose reify failed optional dependency C:\Users\Ayussh Srivastav\Desktop\SANA\node_modules\@rollup\rollup-linux-loong64-gnu
131 silly reify mark deleted [
131 silly reify   'C:\\Users\\Ayussh Srivastav\\Desktop\\SANA\\node_modules\\@rollup\\rollup-linux-loong64-gnu'
131 silly reify ]
132 verbose reify failed optional dependency C:\Users\Ayussh Srivastav\Desktop\SANA\node_modules\@rollup\rollup-linux-arm64-musl
133 silly reify mark deleted [
133 silly reify   'C:\\Users\\Ayussh Srivastav\\Desktop\\SANA\\node_modules\\@rollup\\rollup-linux-arm64-musl'
133 silly reify ]
134 verbose reify failed optional dependency C:\Users\Ayussh Srivastav\Desktop\SANA\node_modules\@rollup\rollup-linux-arm64-gnu
135 silly reify mark deleted [
135 silly reify   'C:\\Users\\Ayussh Srivastav\\Desktop\\SANA\\node_modules\\@rollup\\rollup-linux-arm64-gnu'
135 silly reify ]
136 verbose reify failed optional dependency C:\Users\Ayussh Srivastav\Desktop\SANA\node_modules\@rollup\rollup-linux-arm-musleabihf
137 silly reify mark deleted [
137 silly reify   'C:\\Users\\Ayussh Srivastav\\Desktop\\SANA\\node_modules\\@rollup\\rollup-linux-arm-musleabihf'
137 silly reify ]
138 verbose reify failed optional dependency C:\Users\Ayussh Srivastav\Desktop\SANA\node_modules\@rollup\rollup-linux-arm-gnueabihf
139 silly reify mark deleted [
139 silly reify   'C:\\Users\\Ayussh Srivastav\\Desktop\\SANA\\node_modules\\@rollup\\rollup-linux-arm-gnueabihf'
139 silly reify ]
140 verbose reify failed optional dependency C:\Users\Ayussh Srivastav\Desktop\SANA\node_modules\@rollup\rollup-freebsd-x64
141 silly reify mark deleted [
141 silly reify   'C:\\Users\\Ayussh Srivastav\\Desktop\\SANA\\node_modules\\@rollup\\rollup-freebsd-x64'
141 silly reify ]
142 verbose reify failed optional dependency C:\Users\Ayussh Srivastav\Desktop\SANA\node_modules\@rollup\rollup-freebsd-arm64
143 silly reify mark deleted [
143 silly reify   'C:\\Users\\Ayussh Srivastav\\Desktop\\SANA\\node_modules\\@rollup\\rollup-freebsd-arm64'
143 silly reify ]
144 verbose reify failed optional dependency C:\Users\Ayussh Srivastav\Desktop\SANA\node_modules\@rollup\rollup-darwin-x64
145 silly reify mark deleted [
145 silly reify   'C:\\Users\\Ayussh Srivastav\\Desktop\\SANA\\node_modules\\@rollup\\rollup-darwin-x64'
145 silly reify ]
146 verbose reify failed optional dependency C:\Users\Ayussh Srivastav\Desktop\SANA\node_modules\@rollup\rollup-darwin-arm64
147 silly reify mark deleted [
147 silly reify   'C:\\Users\\Ayussh Srivastav\\Desktop\\SANA\\node_modules\\@rollup\\rollup-darwin-arm64'
147 silly reify ]
148 verbose reify failed optional dependency C:\Users\Ayussh Srivastav\Desktop\SANA\node_modules\@rollup\rollup-android-arm64
149 silly reify mark deleted [
149 silly reify   'C:\\Users\\Ayussh Srivastav\\Desktop\\SANA\\node_modules\\@rollup\\rollup-android-arm64'
149 silly reify ]
150 verbose reify failed optional dependency C:\Users\Ayussh Srivastav\Desktop\SANA\node_modules\@rollup\rollup-android-arm-eabi
151 silly reify mark deleted [
151 silly reify   'C:\\Users\\Ayussh Srivastav\\Desktop\\SANA\\node_modules\\@rollup\\rollup-android-arm-eabi'
151 silly reify ]
152 verbose reify failed optional dependency C:\Users\Ayussh Srivastav\Desktop\SANA\node_modules\@esbuild\win32-ia32
153 silly reify mark deleted [
153 silly reify   'C:\\Users\\Ayussh Srivastav\\Desktop\\SANA\\node_modules\\@esbuild\\win32-ia32'
153 silly reify ]
154 verbose reify failed optional dependency C:\Users\Ayussh Srivastav\Desktop\SANA\node_modules\@esbuild\win32-arm64
155 silly reify mark deleted [
155 silly reify   'C:\\Users\\Ayussh Srivastav\\Desktop\\SANA\\node_modules\\@esbuild\\win32-arm64'
155 silly reify ]
156 verbose reify failed optional dependency C:\Users\Ayussh Srivastav\Desktop\SANA\node_modules\@esbuild\sunos-x64
157 silly reify mark deleted [
157 silly reify   'C:\\Users\\Ayussh Srivastav\\Desktop\\SANA\\node_modules\\@esbuild\\sunos-x64'
157 silly reify ]
158 verbose reify failed optional dependency C:\Users\Ayussh Srivastav\Desktop\SANA\node_modules\@esbuild\openharmony-arm64
159 silly reify mark deleted [
159 silly reify   'C:\\Users\\Ayussh Srivastav\\Desktop\\SANA\\node_modules\\@esbuild\\openharmony-arm64'
159 silly reify ]
160 verbose reify failed optional dependency C:\Users\Ayussh Srivastav\Desktop\SANA\node_modules\@esbuild\openbsd-x64
161 silly reify mark deleted [
161 silly reify   'C:\\Users\\Ayussh Srivastav\\Desktop\\SANA\\node_modules\\@esbuild\\openbsd-x64'
161 silly reify ]
162 verbose reify failed optional dependency C:\Users\Ayussh Srivastav\Desktop\SANA\node_modules\@esbuild\openbsd-arm64
163 silly reify mark deleted [
163 silly reify   'C:\\Users\\Ayussh Srivastav\\Desktop\\SANA\\node_modules\\@esbuild\\openbsd-arm64'
163 silly reify ]
164 verbose reify failed optional dependency C:\Users\Ayussh Srivastav\Desktop\SANA\node_modules\@esbuild\netbsd-x64
165 silly reify mark deleted [
165 silly reify   'C:\\Users\\Ayussh Srivastav\\Desktop\\SANA\\node_modules\\@esbuild\\netbsd-x64'
165 silly reify ]
166 verbose reify failed optional dependency C:\Users\Ayussh Srivastav\Desktop\SANA\node_modules\@esbuild\netbsd-arm64
167 silly reify mark deleted [
167 silly reify   'C:\\Users\\Ayussh Srivastav\\Desktop\\SANA\\node_modules\\@esbuild\\netbsd-arm64'
167 silly reify ]
168 verbose reify failed optional dependency C:\Users\Ayussh Srivastav\Desktop\SANA\node_modules\@esbuild\linux-x64
169 silly reify mark deleted [
169 silly reify   'C:\\Users\\Ayussh Srivastav\\Desktop\\SANA\\node_modules\\@esbuild\\linux-x64'
169 silly reify ]
170 verbose reify failed optional dependency C:\Users\Ayussh Srivastav\Desktop\SANA\node_modules\@esbuild\linux-s390x
171 silly reify mark deleted [
171 silly reify   'C:\\Users\\Ayussh Srivastav\\Desktop\\SANA\\node_modules\\@esbuild\\linux-s390x'
171 silly reify ]
172 verbose reify failed optional dependency C:\Users\Ayussh Srivastav\Desktop\SANA\node_modules\@esbuild\linux-riscv64
173 silly reify mark deleted [
173 silly reify   'C:\\Users\\Ayussh Srivastav\\Desktop\\SANA\\node_modules\\@esbuild\\linux-riscv64'
173 silly reify ]
174 verbose reify failed optional dependency C:\Users\Ayussh Srivastav\Desktop\SANA\node_modules\@esbuild\linux-ppc64
175 silly reify mark deleted [
175 silly reify   'C:\\Users\\Ayussh Srivastav\\Desktop\\SANA\\node_modules\\@esbuild\\linux-ppc64'
175 silly reify ]
176 verbose reify failed optional dependency C:\Users\Ayussh Srivastav\Desktop\SANA\node_modules\@esbuild\linux-mips64el
177 silly reify mark deleted [
177 silly reify   'C:\\Users\\Ayussh Srivastav\\Desktop\\SANA\\node_modules\\@esbuild\\linux-mips64el'
177 silly reify ]
178 verbose reify failed optional dependency C:\Users\Ayussh Srivastav\Desktop\SANA\node_modules\@esbuild\linux-loong64
179 silly reify mark deleted [
179 silly reify   'C:\\Users\\Ayussh Srivastav\\Desktop\\SANA\\node_modules\\@esbuild\\linux-loong64'
179 silly reify ]
180 verbose reify failed optional dependency C:\Users\Ayussh Srivastav\Desktop\SANA\node_modules\@esbuild\linux-ia32
181 silly reify mark deleted [
181 silly reify   'C:\\Users\\Ayussh Srivastav\\Desktop\\SANA\\node_modules\\@esbuild\\linux-ia32'
181 silly reify ]
182 verbose reify failed optional dependency C:\Users\Ayussh Srivastav\Desktop\SANA\node_modules\@esbuild\linux-arm64
183 silly reify mark deleted [
183 silly reify   'C:\\Users\\Ayussh Srivastav\\Desktop\\SANA\\node_modules\\@esbuild\\linux-arm64'
183 silly reify ]
184 verbose reify failed optional dependency C:\Users\Ayussh Srivastav\Desktop\SANA\node_modules\@esbuild\linux-arm
185 silly reify mark deleted [
185 silly reify   'C:\\Users\\Ayussh Srivastav\\Desktop\\SANA\\node_modules\\@esbuild\\linux-arm'
185 silly reify ]
186 verbose reify failed optional dependency C:\Users\Ayussh Srivastav\Desktop\SANA\node_modules\@esbuild\freebsd-x64
187 silly reify mark deleted [
187 silly reify   'C:\\Users\\Ayussh Srivastav\\Desktop\\SANA\\node_modules\\@esbuild\\freebsd-x64'
187 silly reify ]
188 verbose reify failed optional dependency C:\Users\Ayussh Srivastav\Desktop\SANA\node_modules\@esbuild\freebsd-arm64
189 silly reify mark deleted [
189 silly reify   'C:\\Users\\Ayussh Srivastav\\Desktop\\SANA\\node_modules\\@esbuild\\freebsd-arm64'
189 silly reify ]
190 verbose reify failed optional dependency C:\Users\Ayussh Srivastav\Desktop\SANA\node_modules\@esbuild\darwin-x64
191 silly reify mark deleted [
191 silly reify   'C:\\Users\\Ayussh Srivastav\\Desktop\\SANA\\node_modules\\@esbuild\\darwin-x64'
191 silly reify ]
192 verbose reify failed optional dependency C:\Users\Ayussh Srivastav\Desktop\SANA\node_modules\@esbuild\darwin-arm64
193 silly reify mark deleted [
193 silly reify   'C:\\Users\\Ayussh Srivastav\\Desktop\\SANA\\node_modules\\@esbuild\\darwin-arm64'
193 silly reify ]
194 verbose reify failed optional dependency C:\Users\Ayussh Srivastav\Desktop\SANA\node_modules\@esbuild\android-x64
195 silly reify mark deleted [
195 silly reify   'C:\\Users\\Ayussh Srivastav\\Desktop\\SANA\\node_modules\\@esbuild\\android-x64'
195 silly reify ]
196 verbose reify failed optional dependency C:\Users\Ayussh Srivastav\Desktop\SANA\node_modules\@esbuild\android-arm64
197 silly reify mark deleted [
197 silly reify   'C:\\Users\\Ayussh Srivastav\\Desktop\\SANA\\node_modules\\@esbuild\\android-arm64'
197 silly reify ]
198 verbose reify failed optional dependency C:\Users\Ayussh Srivastav\Desktop\SANA\node_modules\@esbuild\android-arm
199 silly reify mark deleted [
199 silly reify   'C:\\Users\\Ayussh Srivastav\\Desktop\\SANA\\node_modules\\@esbuild\\android-arm'
199 silly reify ]
200 verbose reify failed optional dependency C:\Users\Ayussh Srivastav\Desktop\SANA\node_modules\@esbuild\aix-ppc64
201 silly reify mark deleted [
201 silly reify   'C:\\Users\\Ayussh Srivastav\\Desktop\\SANA\\node_modules\\@esbuild\\aix-ppc64'
201 silly reify ]
202 timing reifyNode:node_modules/lightningcss-win32-arm64-msvc Completed in 178ms
203 timing reifyNode:node_modules/lightningcss-linux-x64-musl Completed in 179ms
204 timing reifyNode:node_modules/lightningcss-linux-x64-gnu Completed in 179ms
205 timing reifyNode:node_modules/lightningcss-linux-arm64-musl Completed in 179ms
206 timing reifyNode:node_modules/lightningcss-linux-arm64-gnu Completed in 179ms
207 timing reifyNode:node_modules/lightningcss-linux-arm-gnueabihf Completed in 180ms
208 timing reifyNode:node_modules/lightningcss-freebsd-x64 Completed in 180ms
209 timing reifyNode:node_modules/lightningcss-darwin-x64 Completed in 180ms
210 timing reifyNode:node_modules/lightningcss-darwin-arm64 Completed in 181ms
211 timing reifyNode:node_modules/lightningcss-android-arm64 Completed in 182ms
212 timing reifyNode:node_modules/fsevents Completed in 177ms
213 timing reifyNode:node_modules/@tailwindcss/oxide-win32-arm64-msvc Completed in 175ms
214 timing reifyNode:node_modules/@tailwindcss/oxide-linux-x64-musl Completed in 175ms
215 timing reifyNode:node_modules/@tailwindcss/oxide-linux-x64-gnu Completed in 175ms
216 timing reifyNode:node_modules/@tailwindcss/oxide-linux-arm64-musl Completed in 176ms
217 timing reifyNode:node_modules/@tailwindcss/oxide-linux-arm64-gnu Completed in 176ms
218 timing reifyNode:node_modules/@tailwindcss/oxide-linux-arm-gnueabihf Completed in 176ms
219 timing reifyNode:node_modules/@tailwindcss/oxide-freebsd-x64 Completed in 176ms
220 timing reifyNode:node_modules/@tailwindcss/oxide-darwin-x64 Completed in 175ms
221 timing reifyNode:node_modules/@tailwindcss/oxide-darwin-arm64 Completed in 175ms
222 timing reifyNode:node_modules/@tailwindcss/oxide-android-arm64 Completed in 175ms
223 timing reifyNode:node_modules/@rollup/rollup-win32-ia32-msvc Completed in 176ms
224 timing reifyNode:node_modules/@rollup/rollup-win32-arm64-msvc Completed in 176ms
225 timing reifyNode:node_modules/@rollup/rollup-openharmony-arm64 Completed in 176ms
226 timing reifyNode:node_modules/@rollup/rollup-openbsd-x64 Completed in 176ms
227 timing reifyNode:node_modules/@rollup/rollup-linux-x64-musl Completed in 176ms
228 timing reifyNode:node_modules/@rollup/rollup-linux-x64-gnu Completed in 176ms
229 timing reifyNode:node_modules/@rollup/rollup-linux-s390x-gnu Completed in 211ms
230 timing reifyNode:node_modules/@rollup/rollup-linux-riscv64-musl Completed in 212ms
231 timing reifyNode:node_modules/@rollup/rollup-linux-riscv64-gnu Completed in 212ms
232 timing reifyNode:node_modules/@rollup/rollup-linux-ppc64-musl Completed in 212ms
233 timing reifyNode:node_modules/@rollup/rollup-linux-ppc64-gnu Completed in 212ms
234 timing reifyNode:node_modules/@rollup/rollup-linux-loong64-musl Completed in 212ms
235 timing reifyNode:node_modules/@rollup/rollup-linux-loong64-gnu Completed in 213ms
236 timing reifyNode:node_modules/@rollup/rollup-linux-arm64-musl Completed in 213ms
237 timing reifyNode:node_modules/@rollup/rollup-linux-arm64-gnu Completed in 213ms
238 timing reifyNode:node_modules/@rollup/rollup-linux-arm-musleabihf Completed in 213ms
239 timing reifyNode:node_modules/@rollup/rollup-linux-arm-gnueabihf Completed in 213ms
240 timing reifyNode:node_modules/@rollup/rollup-freebsd-x64 Completed in 213ms
241 timing reifyNode:node_modules/@rollup/rollup-freebsd-arm64 Completed in 214ms
242 timing reifyNode:node_modules/@rollup/rollup-darwin-x64 Completed in 213ms
243 timing reifyNode:node_modules/@rollup/rollup-darwin-arm64 Completed in 213ms
244 timing reifyNode:node_modules/@rollup/rollup-android-arm64 Completed in 213ms
245 timing reifyNode:node_modules/@rollup/rollup-android-arm-eabi Completed in 213ms
246 timing reifyNode:node_modules/@esbuild/win32-ia32 Completed in 213ms
247 timing reifyNode:node_modules/@esbuild/win32-arm64 Completed in 214ms
248 timing reifyNode:node_modules/@esbuild/sunos-x64 Completed in 214ms
249 timing reifyNode:node_modules/@esbuild/openharmony-arm64 Completed in 214ms
250 timing reifyNode:node_modules/@esbuild/openbsd-x64 Completed in 213ms
251 timing reifyNode:node_modules/@esbuild/openbsd-arm64 Completed in 213ms
252 timing reifyNode:node_modules/@esbuild/netbsd-x64 Completed in 213ms
253 timing reifyNode:node_modules/@esbuild/netbsd-arm64 Completed in 214ms
254 timing reifyNode:node_modules/@esbuild/linux-x64 Completed in 214ms
255 timing reifyNode:node_modules/@esbuild/linux-s390x Completed in 214ms
256 timing reifyNode:node_modules/@esbuild/linux-riscv64 Completed in 214ms
257 timing reifyNode:node_modules/@esbuild/linux-ppc64 Completed in 214ms
258 timing reifyNode:node_modules/@esbuild/linux-mips64el Completed in 214ms
259 timing reifyNode:node_modules/@esbuild/linux-loong64 Completed in 215ms
260 timing reifyNode:node_modules/@esbuild/linux-ia32 Completed in 215ms
261 timing reifyNode:node_modules/@esbuild/linux-arm64 Completed in 215ms
262 timing reifyNode:node_modules/@esbuild/linux-arm Completed in 215ms
263 timing reifyNode:node_modules/@esbuild/freebsd-x64 Completed in 215ms
264 timing reifyNode:node_modules/@esbuild/freebsd-arm64 Completed in 214ms
265 timing reifyNode:node_modules/@esbuild/darwin-x64 Completed in 214ms
266 timing reifyNode:node_modules/@esbuild/darwin-arm64 Completed in 215ms
267 timing reifyNode:node_modules/@esbuild/android-x64 Completed in 215ms
268 timing reifyNode:node_modules/@esbuild/android-arm64 Completed in 215ms
269 timing reifyNode:node_modules/@esbuild/android-arm Completed in 215ms
270 timing reifyNode:node_modules/@esbuild/aix-ppc64 Completed in 215ms
271 silly tarball no local data for yallist@https://registry.npmjs.org/yallist/-/yallist-3.1.1.tgz. Extracting by manifest.
272 silly tarball no local data for update-browserslist-db@https://registry.npmjs.org/update-browserslist-db/-/update-browserslist-db-1.2.3.tgz. Extracting by manifest.
273 silly tarball no local data for vite-plugin-singlefile@https://registry.npmjs.org/vite-plugin-singlefile/-/vite-plugin-singlefile-2.3.0.tgz. Extracting by manifest.
274 silly tarball no local data for undici-types@https://registry.npmjs.org/undici-types/-/undici-types-6.21.0.tgz. Extracting by manifest.
275 silly tarball no local data for vite@https://registry.npmjs.org/vite/-/vite-7.2.4.tgz. Extracting by manifest.
276 silly tarball no local data for typescript@https://registry.npmjs.org/typescript/-/typescript-5.9.3.tgz. Extracting by manifest.
277 silly tarball no local data for to-regex-range@https://registry.npmjs.org/to-regex-range/-/to-regex-range-5.0.1.tgz. Extracting by manifest.
278 silly tarball no local data for tapable@https://registry.npmjs.org/tapable/-/tapable-2.3.0.tgz. Extracting by manifest.
279 silly tarball no local data for tailwindcss@https://registry.npmjs.org/tailwindcss/-/tailwindcss-4.1.17.tgz. Extracting by manifest.
280 silly tarball no local data for tailwind-merge@https://registry.npmjs.org/tailwind-merge/-/tailwind-merge-3.4.0.tgz. Extracting by manifest.
281 silly tarball no local data for source-map-js@https://registry.npmjs.org/source-map-js/-/source-map-js-1.2.1.tgz. Extracting by manifest.
282 silly tarball no local data for semver@https://registry.npmjs.org/semver/-/semver-6.3.1.tgz. Extracting by manifest.
283 silly tarball no local data for scheduler@https://registry.npmjs.org/scheduler/-/scheduler-0.27.0.tgz. Extracting by manifest.
284 silly tarball no local data for rollup@https://registry.npmjs.org/rollup/-/rollup-4.59.0.tgz. Extracting by manifest.
285 silly tarball no local data for react-scroll@https://registry.npmjs.org/react-scroll/-/react-scroll-1.9.3.tgz. Extracting by manifest.
286 silly tarball no local data for react-refresh@https://registry.npmjs.org/react-refresh/-/react-refresh-0.18.0.tgz. Extracting by manifest.
287 silly tarball no local data for react-is@https://registry.npmjs.org/react-is/-/react-is-16.13.1.tgz. Extracting by manifest.
288 silly tarball no local data for react@https://registry.npmjs.org/react/-/react-19.2.3.tgz. Extracting by manifest.
289 silly tarball no local data for tslib@https://registry.npmjs.org/tslib/-/tslib-2.8.1.tgz. Extracting by manifest.
290 silly tarball no local data for tinyglobby@https://registry.npmjs.org/tinyglobby/-/tinyglobby-0.2.15.tgz. Extracting by manifest.
291 silly tarball no local data for react-intersection-observer@https://registry.npmjs.org/react-intersection-observer/-/react-intersection-observer-10.0.3.tgz. Extracting by manifest.
292 silly tarball no local data for react-dom@https://registry.npmjs.org/react-dom/-/react-dom-19.2.3.tgz. Extracting by manifest.
293 silly tarball no local data for prop-types@https://registry.npmjs.org/prop-types/-/prop-types-15.8.1.tgz. Extracting by manifest.
294 silly tarball no local data for picomatch@https://registry.npmjs.org/picomatch/-/picomatch-4.0.3.tgz. Extracting by manifest.
295 silly tarball no local data for postcss@https://registry.npmjs.org/postcss/-/postcss-8.5.8.tgz. Extracting by manifest.
296 silly tarball no local data for picocolors@https://registry.npmjs.org/picocolors/-/picocolors-1.1.1.tgz. Extracting by manifest.
297 silly tarball no local data for object-assign@https://registry.npmjs.org/object-assign/-/object-assign-4.1.1.tgz. Extracting by manifest.
298 silly tarball no local data for nanoid@https://registry.npmjs.org/nanoid/-/nanoid-3.3.11.tgz. Extracting by manifest.
299 silly tarball no local data for ms@https://registry.npmjs.org/ms/-/ms-2.1.3.tgz. Extracting by manifest.
300 silly tarball no local data for motion-dom@https://registry.npmjs.org/motion-dom/-/motion-dom-12.36.0.tgz. Extracting by manifest.
301 silly tarball no local data for motion-utils@https://registry.npmjs.org/motion-utils/-/motion-utils-12.36.0.tgz. Extracting by manifest.
302 silly tarball no local data for micromatch@https://registry.npmjs.org/micromatch/-/micromatch-4.0.8.tgz. Extracting by manifest.
303 silly tarball no local data for magic-string@https://registry.npmjs.org/magic-string/-/magic-string-0.30.21.tgz. Extracting by manifest.
304 silly tarball no local data for lucide-react@https://registry.npmjs.org/lucide-react/-/lucide-react-0.577.0.tgz. Extracting by manifest.
305 silly tarball no local data for node-releases@https://registry.npmjs.org/node-releases/-/node-releases-2.0.36.tgz. Extracting by manifest.
306 silly tarball no local data for lru-cache@https://registry.npmjs.org/lru-cache/-/lru-cache-5.1.1.tgz. Extracting by manifest.
307 silly tarball no local data for loose-envify@https://registry.npmjs.org/loose-envify/-/loose-envify-1.4.0.tgz. Extracting by manifest.
308 silly tarball no local data for lightningcss-win32-x64-msvc@https://registry.npmjs.org/lightningcss-win32-x64-msvc/-/lightningcss-win32-x64-msvc-1.30.2.tgz. Extracting by manifest.
309 silly tarball no local data for lightningcss@https://registry.npmjs.org/lightningcss/-/lightningcss-1.30.2.tgz. Extracting by manifest.
310 silly tarball no local data for lodash.throttle@https://registry.npmjs.org/lodash.throttle/-/lodash.throttle-4.1.1.tgz. Extracting by manifest.
311 silly tarball no local data for json5@https://registry.npmjs.org/json5/-/json5-2.2.3.tgz. Extracting by manifest.
312 silly tarball no local data for jsesc@https://registry.npmjs.org/jsesc/-/jsesc-3.1.0.tgz. Extracting by manifest.
313 silly tarball no local data for jiti@https://registry.npmjs.org/jiti/-/jiti-2.6.1.tgz. Extracting by manifest.
314 silly tarball no local data for js-tokens@https://registry.npmjs.org/js-tokens/-/js-tokens-4.0.0.tgz. Extracting by manifest.
315 silly tarball no local data for is-number@https://registry.npmjs.org/is-number/-/is-number-7.0.0.tgz. Extracting by manifest.
316 silly tarball no local data for graceful-fs@https://registry.npmjs.org/graceful-fs/-/graceful-fs-4.2.11.tgz. Extracting by manifest.
317 silly tarball no local data for framer-motion@https://registry.npmjs.org/framer-motion/-/framer-motion-12.36.0.tgz. Extracting by manifest.
318 silly tarball no local data for gensync@https://registry.npmjs.org/gensync/-/gensync-1.0.0-beta.2.tgz. Extracting by manifest.
319 silly tarball no local data for fill-range@https://registry.npmjs.org/fill-range/-/fill-range-7.1.1.tgz. Extracting by manifest.
320 silly tarball no local data for escalade@https://registry.npmjs.org/escalade/-/escalade-3.2.0.tgz. Extracting by manifest.
321 silly tarball no local data for fdir@https://registry.npmjs.org/fdir/-/fdir-6.5.0.tgz. Extracting by manifest.
322 silly tarball no local data for enhanced-resolve@https://registry.npmjs.org/enhanced-resolve/-/enhanced-resolve-5.20.0.tgz. Extracting by manifest.
323 silly tarball no local data for esbuild@https://registry.npmjs.org/esbuild/-/esbuild-0.25.12.tgz. Extracting by manifest.
324 silly tarball no local data for electron-to-chromium@https://registry.npmjs.org/electron-to-chromium/-/electron-to-chromium-1.5.313.tgz. Extracting by manifest.
325 silly tarball no local data for debug@https://registry.npmjs.org/debug/-/debug-4.4.3.tgz. Extracting by manifest.
326 silly tarball no local data for detect-libc@https://registry.npmjs.org/detect-libc/-/detect-libc-2.1.2.tgz. Extracting by manifest.
327 silly tarball no local data for csstype@https://registry.npmjs.org/csstype/-/csstype-3.2.3.tgz. Extracting by manifest.
328 silly tarball no local data for convert-source-map@https://registry.npmjs.org/convert-source-map/-/convert-source-map-2.0.0.tgz. Extracting by manifest.
329 silly tarball no local data for clsx@https://registry.npmjs.org/clsx/-/clsx-2.1.1.tgz. Extracting by manifest.
330 silly tarball no local data for caniuse-lite@https://registry.npmjs.org/caniuse-lite/-/caniuse-lite-1.0.30001778.tgz. Extracting by manifest.
331 silly tarball no local data for braces@https://registry.npmjs.org/braces/-/braces-3.0.3.tgz. Extracting by manifest.
332 silly tarball no local data for @vitejs/plugin-react@https://registry.npmjs.org/@vitejs/plugin-react/-/plugin-react-5.1.1.tgz. Extracting by manifest.
333 silly tarball no local data for browserslist@https://registry.npmjs.org/browserslist/-/browserslist-4.28.1.tgz. Extracting by manifest.
334 silly tarball no local data for baseline-browser-mapping@https://registry.npmjs.org/baseline-browser-mapping/-/baseline-browser-mapping-2.10.7.tgz. Extracting by manifest.
335 silly tarball no local data for @types/react-dom@https://registry.npmjs.org/@types/react-dom/-/react-dom-19.2.3.tgz. Extracting by manifest.
336 silly tarball no local data for @types/node@https://registry.npmjs.org/@types/node/-/node-22.19.15.tgz. Extracting by manifest.
337 silly tarball no local data for @types/estree@https://registry.npmjs.org/@types/estree/-/estree-1.0.8.tgz. Extracting by manifest.
338 silly tarball no local data for @types/react@https://registry.npmjs.org/@types/react/-/react-19.2.7.tgz. Extracting by manifest.
339 silly tarball no local data for @types/babel__traverse@https://registry.npmjs.org/@types/babel__traverse/-/babel__traverse-7.28.0.tgz. Extracting by manifest.
340 silly tarball no local data for @tailwindcss/vite@https://registry.npmjs.org/@tailwindcss/vite/-/vite-4.1.17.tgz. Extracting by manifest.
341 silly tarball no local data for @tailwindcss/oxide-win32-x64-msvc@https://registry.npmjs.org/@tailwindcss/oxide-win32-x64-msvc/-/oxide-win32-x64-msvc-4.1.17.tgz. Extracting by manifest.
342 silly tarball no local data for @tailwindcss/node@https://registry.npmjs.org/@tailwindcss/node/-/node-4.1.17.tgz. Extracting by manifest.
343 silly tarball no local data for @tailwindcss/oxide@https://registry.npmjs.org/@tailwindcss/oxide/-/oxide-4.1.17.tgz. Extracting by manifest.
344 silly tarball no local data for @rollup/rollup-win32-x64-gnu@https://registry.npmjs.org/@rollup/rollup-win32-x64-gnu/-/rollup-win32-x64-gnu-4.59.0.tgz. Extracting by manifest.
345 silly tarball no local data for @rollup/rollup-win32-x64-msvc@https://registry.npmjs.org/@rollup/rollup-win32-x64-msvc/-/rollup-win32-x64-msvc-4.59.0.tgz. Extracting by manifest.
346 silly tarball no local data for @rolldown/pluginutils@https://registry.npmjs.org/@rolldown/pluginutils/-/pluginutils-1.0.0-beta.47.tgz. Extracting by manifest.
347 silly tarball no local data for @jridgewell/trace-mapping@https://registry.npmjs.org/@jridgewell/trace-mapping/-/trace-mapping-0.3.31.tgz. Extracting by manifest.
348 silly tarball no local data for @jridgewell/sourcemap-codec@https://registry.npmjs.org/@jridgewell/sourcemap-codec/-/sourcemap-codec-1.5.5.tgz. Extracting by manifest.
349 silly tarball no local data for @jridgewell/resolve-uri@https://registry.npmjs.org/@jridgewell/resolve-uri/-/resolve-uri-3.1.2.tgz. Extracting by manifest.
350 silly tarball no local data for @jridgewell/remapping@https://registry.npmjs.org/@jridgewell/remapping/-/remapping-2.3.5.tgz. Extracting by manifest.
351 silly tarball no local data for @jridgewell/gen-mapping@https://registry.npmjs.org/@jridgewell/gen-mapping/-/gen-mapping-0.3.13.tgz. Extracting by manifest.
352 silly tarball no local data for @esbuild/win32-x64@https://registry.npmjs.org/@esbuild/win32-x64/-/win32-x64-0.25.12.tgz. Extracting by manifest.
353 silly tarball no local data for @babel/types@https://registry.npmjs.org/@babel/types/-/types-7.29.0.tgz. Extracting by manifest.
354 silly tarball no local data for @babel/traverse@https://registry.npmjs.org/@babel/traverse/-/traverse-7.29.0.tgz. Extracting by manifest.
355 silly tarball no local data for @babel/template@https://registry.npmjs.org/@babel/template/-/template-7.28.6.tgz. Extracting by manifest.
356 silly tarball no local data for @babel/plugin-transform-react-jsx-source@https://registry.npmjs.org/@babel/plugin-transform-react-jsx-source/-/plugin-transform-react-jsx-source-7.27.1.tgz. Extracting by manifest.
357 silly tarball no local data for @babel/parser@https://registry.npmjs.org/@babel/parser/-/parser-7.29.0.tgz. Extracting by manifest.
358 silly tarball no local data for @babel/plugin-transform-react-jsx-self@https://registry.npmjs.org/@babel/plugin-transform-react-jsx-self/-/plugin-transform-react-jsx-self-7.27.1.tgz. Extracting by manifest.
359 silly tarball no local data for @babel/helpers@https://registry.npmjs.org/@babel/helpers/-/helpers-7.28.6.tgz. Extracting by manifest.
360 silly tarball no local data for @babel/helper-validator-option@https://registry.npmjs.org/@babel/helper-validator-option/-/helper-validator-option-7.27.1.tgz. Extracting by manifest.
361 silly tarball no local data for @babel/helper-validator-identifier@https://registry.npmjs.org/@babel/helper-validator-identifier/-/helper-validator-identifier-7.28.5.tgz. Extracting by manifest.
362 silly tarball no local data for @babel/helper-string-parser@https://registry.npmjs.org/@babel/helper-string-parser/-/helper-string-parser-7.27.1.tgz. Extracting by manifest.
363 silly tarball no local data for @babel/helper-plugin-utils@https://registry.npmjs.org/@babel/helper-plugin-utils/-/helper-plugin-utils-7.28.6.tgz. Extracting by manifest.
364 silly tarball no local data for @babel/helper-module-transforms@https://registry.npmjs.org/@babel/helper-module-transforms/-/helper-module-transforms-7.28.6.tgz. Extracting by manifest.
365 silly tarball no local data for @babel/helper-module-imports@https://registry.npmjs.org/@babel/helper-module-imports/-/helper-module-imports-7.28.6.tgz. Extracting by manifest.
366 silly tarball no local data for @babel/helper-globals@https://registry.npmjs.org/@babel/helper-globals/-/helper-globals-7.28.0.tgz. Extracting by manifest.
367 silly tarball no local data for @babel/generator@https://registry.npmjs.org/@babel/generator/-/generator-7.29.1.tgz. Extracting by manifest.
368 silly tarball no local data for @babel/core@https://registry.npmjs.org/@babel/core/-/core-7.29.0.tgz. Extracting by manifest.
369 silly tarball no local data for @babel/helper-compilation-targets@https://registry.npmjs.org/@babel/helper-compilation-targets/-/helper-compilation-targets-7.28.6.tgz. Extracting by manifest.
370 silly tarball no local data for @babel/compat-data@https://registry.npmjs.org/@babel/compat-data/-/compat-data-7.29.0.tgz. Extracting by manifest.
371 silly tarball no local data for @babel/code-frame@https://registry.npmjs.org/@babel/code-frame/-/code-frame-7.29.0.tgz. Extracting by manifest.
372 silly tarball no local data for picomatch@https://registry.npmjs.org/picomatch/-/picomatch-2.3.1.tgz. Extracting by manifest.
373 silly tarball no local data for @types/babel__template@https://registry.npmjs.org/@types/babel__template/-/babel__template-7.4.4.tgz. Extracting by manifest.
374 silly tarball no local data for @types/babel__core@https://registry.npmjs.org/@types/babel__core/-/babel__core-7.20.5.tgz. Extracting by manifest.
375 silly tarball no local data for @types/babel__generator@https://registry.npmjs.org/@types/babel__generator/-/babel__generator-7.27.0.tgz. Extracting by manifest.
376 http fetch POST 200 https://registry.npmjs.org/-/npm/v1/security/advisories/bulk 2040ms
377 timing auditReport:getReport Completed in 2057ms
378 silly audit report {}
379 timing auditReport:init Completed in 0ms
380 timing reify:audit Completed in 2059ms
381 http fetch GET 200 https://registry.npmjs.org/@tailwindcss/oxide/-/oxide-4.1.17.tgz 4118ms (cache miss)
382 timing reifyNode:node_modules/@tailwindcss/oxide Completed in 4662ms
383 http fetch GET 200 https://registry.npmjs.org/@tailwindcss/vite/-/vite-4.1.17.tgz 4478ms (cache miss)
384 timing reifyNode:node_modules/@tailwindcss/vite Completed in 5320ms
385 http fetch GET 200 https://registry.npmjs.org/@types/estree/-/estree-1.0.8.tgz 5213ms (cache miss)
386 timing reifyNode:node_modules/@types/estree Completed in 5751ms
387 http fetch GET 200 https://registry.npmjs.org/convert-source-map/-/convert-source-map-2.0.0.tgz 5339ms (cache miss)
388 timing reifyNode:node_modules/convert-source-map Completed in 5868ms
389 http fetch GET 200 https://registry.npmjs.org/update-browserslist-db/-/update-browserslist-db-1.2.3.tgz 5537ms (cache miss)
390 http fetch GET 200 https://registry.npmjs.org/is-number/-/is-number-7.0.0.tgz 5486ms (cache miss)
391 timing reifyNode:node_modules/is-number Completed in 6004ms
392 http fetch GET 200 https://registry.npmjs.org/@types/babel__template/-/babel__template-7.4.4.tgz 5444ms (cache miss)
393 timing reifyNode:node_modules/@types/babel__template Completed in 6120ms
394 http fetch GET 200 https://registry.npmjs.org/@babel/helper-plugin-utils/-/helper-plugin-utils-7.28.6.tgz 5600ms (cache miss)
395 timing reifyNode:node_modules/update-browserslist-db Completed in 6266ms
396 timing reifyNode:node_modules/@babel/helper-plugin-utils Completed in 6535ms
397 http fetch GET 200 https://registry.npmjs.org/detect-libc/-/detect-libc-2.1.2.tgz 6112ms (cache miss)
398 http fetch GET 200 https://registry.npmjs.org/@types/babel__traverse/-/babel__traverse-7.28.0.tgz 6109ms (cache miss)
399 timing reifyNode:node_modules/@types/babel__traverse Completed in 6648ms
400 http fetch GET 200 https://registry.npmjs.org/@babel/plugin-transform-react-jsx-self/-/plugin-transform-react-jsx-self-7.27.1.tgz 6242ms (cache miss)
401 timing reifyNode:node_modules/@babel/plugin-transform-react-jsx-self Completed in 6797ms
402 http fetch GET 200 https://registry.npmjs.org/@babel/plugin-transform-react-jsx-source/-/plugin-transform-react-jsx-source-7.27.1.tgz 6249ms (cache miss)
403 timing reifyNode:node_modules/@babel/plugin-transform-react-jsx-source Completed in 6807ms
404 timing reifyNode:node_modules/detect-libc Completed in 6832ms
405 http fetch GET 200 https://registry.npmjs.org/clsx/-/clsx-2.1.1.tgz 6316ms (cache miss)
406 http fetch GET 200 https://registry.npmjs.org/yallist/-/yallist-3.1.1.tgz 6502ms (cache miss)
407 timing reifyNode:node_modules/yallist Completed in 6954ms
408 http fetch GET 200 https://registry.npmjs.org/to-regex-range/-/to-regex-range-5.0.1.tgz 6525ms (cache miss)
409 timing reifyNode:node_modules/to-regex-range Completed in 6991ms
410 timing reifyNode:node_modules/clsx Completed in 7081ms
411 http fetch GET 200 https://registry.npmjs.org/@jridgewell/resolve-uri/-/resolve-uri-3.1.2.tgz 6584ms (cache miss)
412 http fetch GET 200 https://registry.npmjs.org/fill-range/-/fill-range-7.1.1.tgz 6715ms (cache miss)
413 timing reifyNode:node_modules/fill-range Completed in 7235ms
414 timing reifyNode:node_modules/@jridgewell/resolve-uri Completed in 7239ms
415 http fetch GET 200 https://registry.npmjs.org/@babel/helper-globals/-/helper-globals-7.28.0.tgz 6707ms (cache miss)
416 timing reifyNode:node_modules/@babel/helper-globals Completed in 7278ms
417 http fetch GET 200 https://registry.npmjs.org/object-assign/-/object-assign-4.1.1.tgz 6825ms (cache miss)
418 timing reifyNode:node_modules/object-assign Completed in 7324ms
419 http fetch GET 200 https://registry.npmjs.org/node-releases/-/node-releases-2.0.36.tgz 6826ms (cache miss)
420 http fetch GET 200 https://registry.npmjs.org/@vitejs/plugin-react/-/plugin-react-5.1.1.tgz 6856ms (cache miss)
421 timing reifyNode:node_modules/@vitejs/plugin-react Completed in 7389ms
422 http fetch GET 200 https://registry.npmjs.org/vite-plugin-singlefile/-/vite-plugin-singlefile-2.3.0.tgz 6941ms (cache miss)
423 http fetch GET 200 https://registry.npmjs.org/react-is/-/react-is-16.13.1.tgz 6927ms (cache miss)
424 http fetch GET 200 https://registry.npmjs.org/@babel/code-frame/-/code-frame-7.29.0.tgz 6826ms (cache miss)
425 timing reifyNode:node_modules/@babel/code-frame Completed in 7404ms
426 http fetch GET 200 https://registry.npmjs.org/lodash.throttle/-/lodash.throttle-4.1.1.tgz 6905ms (cache miss)
427 timing reifyNode:node_modules/lodash.throttle Completed in 7421ms
428 http fetch GET 200 https://registry.npmjs.org/ms/-/ms-2.1.3.tgz 6924ms (cache miss)
429 timing reifyNode:node_modules/ms Completed in 7425ms
430 http fetch GET 200 https://registry.npmjs.org/@types/babel__generator/-/babel__generator-7.27.0.tgz 6281ms (cache miss)
431 timing reifyNode:node_modules/@types/babel__generator Completed in 7483ms
432 timing reifyNode:node_modules/node-releases Completed in 7513ms
433 timing reifyNode:node_modules/react-is Completed in 7525ms
434 timing reifyNode:node_modules/vite-plugin-singlefile Completed in 7595ms
435 http fetch GET 200 https://registry.npmjs.org/debug/-/debug-4.4.3.tgz 7075ms (cache miss)
436 timing reifyNode:node_modules/debug Completed in 7599ms
437 http fetch GET 200 https://registry.npmjs.org/semver/-/semver-6.3.1.tgz 7145ms (cache miss)
438 timing reifyNode:node_modules/semver Completed in 7621ms
439 http fetch GET 200 https://registry.npmjs.org/js-tokens/-/js-tokens-4.0.0.tgz 7115ms (cache miss)
440 timing reifyNode:node_modules/js-tokens Completed in 7633ms
441 http fetch GET 200 https://registry.npmjs.org/tinyglobby/-/tinyglobby-0.2.15.tgz 7167ms (cache miss)
442 http fetch GET 200 https://registry.npmjs.org/@babel/helper-string-parser/-/helper-string-parser-7.27.1.tgz 7085ms (cache miss)
443 timing reifyNode:node_modules/@babel/helper-string-parser Completed in 7651ms
444 http fetch GET 200 https://registry.npmjs.org/lru-cache/-/lru-cache-5.1.1.tgz 7168ms (cache miss)
445 timing reifyNode:node_modules/lru-cache Completed in 7674ms
446 http fetch GET 200 https://registry.npmjs.org/fdir/-/fdir-6.5.0.tgz 7153ms (cache miss)
447 http fetch GET 200 https://registry.npmjs.org/react-refresh/-/react-refresh-0.18.0.tgz 7218ms (cache miss)
448 timing reifyNode:node_modules/fdir Completed in 7715ms
449 http fetch GET 200 https://registry.npmjs.org/browserslist/-/browserslist-4.28.1.tgz 7183ms (cache miss)
450 timing reifyNode:node_modules/browserslist Completed in 7719ms
451 http fetch GET 200 https://registry.npmjs.org/gensync/-/gensync-1.0.0-beta.2.tgz 7205ms (cache miss)
452 timing reifyNode:node_modules/gensync Completed in 7723ms
453 timing reifyNode:node_modules/tinyglobby Completed in 7743ms
454 http fetch GET 200 https://registry.npmjs.org/graceful-fs/-/graceful-fs-4.2.11.tgz 7232ms (cache miss)
455 timing reifyNode:node_modules/graceful-fs Completed in 7751ms
456 timing reifyNode:node_modules/react-refresh Completed in 7770ms
457 http fetch GET 200 https://registry.npmjs.org/jsesc/-/jsesc-3.1.0.tgz 7268ms (cache miss)
458 timing reifyNode:node_modules/jsesc Completed in 7784ms
459 http fetch GET 200 https://registry.npmjs.org/@rolldown/pluginutils/-/pluginutils-1.0.0-beta.47.tgz 7262ms (cache miss)
460 http fetch GET 200 https://registry.npmjs.org/loose-envify/-/loose-envify-1.4.0.tgz 7314ms (cache miss)
461 timing reifyNode:node_modules/@rolldown/pluginutils Completed in 7872ms
462 timing reifyNode:node_modules/loose-envify Completed in 7889ms
463 http fetch GET 200 https://registry.npmjs.org/@types/babel__core/-/babel__core-7.20.5.tgz 6684ms (cache miss)
464 timing reifyNode:node_modules/@types/babel__core Completed in 7883ms
465 http fetch GET 200 https://registry.npmjs.org/braces/-/braces-3.0.3.tgz 7374ms (cache miss)
466 timing reifyNode:node_modules/braces Completed in 7905ms
467 http fetch GET 200 https://registry.npmjs.org/@babel/helper-validator-option/-/helper-validator-option-7.27.1.tgz 7361ms (cache miss)
468 timing reifyNode:node_modules/@babel/helper-validator-option Completed in 7925ms
469 http fetch GET 200 https://registry.npmjs.org/escalade/-/escalade-3.2.0.tgz 7422ms (cache miss)
470 http fetch GET 200 https://registry.npmjs.org/@babel/helper-module-imports/-/helper-module-imports-7.28.6.tgz 7391ms (cache miss)
471 timing reifyNode:node_modules/@babel/helper-module-imports Completed in 7960ms
472 timing reifyNode:node_modules/escalade Completed in 7988ms
473 http fetch GET 200 https://registry.npmjs.org/@types/react-dom/-/react-dom-19.2.3.tgz 7459ms (cache miss)
474 http fetch GET 200 https://registry.npmjs.org/micromatch/-/micromatch-4.0.8.tgz 7525ms (cache miss)
475 timing reifyNode:node_modules/micromatch Completed in 8029ms
476 timing reifyNode:node_modules/@types/react-dom Completed in 8041ms
477 http fetch GET 200 https://registry.npmjs.org/@babel/helper-validator-identifier/-/helper-validator-identifier-7.28.5.tgz 7481ms (cache miss)
478 timing reifyNode:node_modules/@babel/helper-validator-identifier Completed in 8046ms
479 http fetch GET 200 https://registry.npmjs.org/electron-to-chromium/-/electron-to-chromium-1.5.313.tgz 7558ms (cache miss)
480 timing reifyNode:node_modules/electron-to-chromium Completed in 8083ms
481 http fetch GET 200 https://registry.npmjs.org/scheduler/-/scheduler-0.27.0.tgz 7669ms (cache miss)
482 http fetch GET 200 https://registry.npmjs.org/esbuild/-/esbuild-0.25.12.tgz 7665ms (cache miss)
483 timing reifyNode:node_modules/esbuild Completed in 8188ms
484 timing reifyNode:node_modules/scheduler Completed in 8201ms
485 http fetch GET 200 https://registry.npmjs.org/baseline-browser-mapping/-/baseline-browser-mapping-2.10.7.tgz 7661ms (cache miss)
486 timing reifyNode:node_modules/baseline-browser-mapping Completed in 8196ms
487 http fetch GET 200 https://registry.npmjs.org/@babel/template/-/template-7.28.6.tgz 7760ms (cache miss)
488 timing reifyNode:node_modules/@babel/template Completed in 8311ms
489 http fetch GET 200 https://registry.npmjs.org/picomatch/-/picomatch-2.3.1.tgz 7744ms (cache miss)
490 timing reifyNode:node_modules/micromatch/node_modules/picomatch Completed in 8341ms
491 http fetch GET 200 https://registry.npmjs.org/@tailwindcss/node/-/node-4.1.17.tgz 7814ms (cache miss)
492 timing reifyNode:node_modules/@tailwindcss/node Completed in 8357ms
493 http fetch GET 200 https://registry.npmjs.org/tapable/-/tapable-2.3.0.tgz 7914ms (cache miss)
494 timing reifyNode:node_modules/tapable Completed in 8381ms
495 http fetch GET 200 https://registry.npmjs.org/@babel/compat-data/-/compat-data-7.29.0.tgz 7823ms (cache miss)
496 http fetch GET 200 https://registry.npmjs.org/tslib/-/tslib-2.8.1.tgz 7942ms (cache miss)
497 timing reifyNode:node_modules/tslib Completed in 8428ms
498 timing reifyNode:node_modules/@babel/compat-data Completed in 8455ms
499 http fetch GET 200 https://registry.npmjs.org/@babel/helper-compilation-targets/-/helper-compilation-targets-7.28.6.tgz 7886ms (cache miss)
500 timing reifyNode:node_modules/@babel/helper-compilation-targets Completed in 8460ms
501 http fetch GET 200 https://registry.npmjs.org/source-map-js/-/source-map-js-1.2.1.tgz 8057ms (cache miss)
502 timing reifyNode:node_modules/source-map-js Completed in 8531ms
503 http fetch GET 200 https://registry.npmjs.org/picomatch/-/picomatch-4.0.3.tgz 8054ms (cache miss)
504 timing reifyNode:node_modules/picomatch Completed in 8548ms
505 http fetch GET 200 https://registry.npmjs.org/prop-types/-/prop-types-15.8.1.tgz 8402ms (cache miss)
506 timing reifyNode:node_modules/prop-types Completed in 8896ms
507 http fetch GET 200 https://registry.npmjs.org/@babel/helper-module-transforms/-/helper-module-transforms-7.28.6.tgz 8352ms (cache miss)
508 timing reifyNode:node_modules/@babel/helper-module-transforms Completed in 8919ms
509 http fetch GET 200 https://registry.npmjs.org/@types/react/-/react-19.2.7.tgz 8510ms (cache miss)
510 http fetch GET 200 https://registry.npmjs.org/react-intersection-observer/-/react-intersection-observer-10.0.3.tgz 8577ms (cache miss)
511 timing reifyNode:node_modules/react-intersection-observer Completed in 9068ms
512 timing reifyNode:node_modules/@types/react Completed in 9064ms
513 http fetch GET 200 https://registry.npmjs.org/@jridgewell/sourcemap-codec/-/sourcemap-codec-1.5.5.tgz 8587ms (cache miss)
514 timing reifyNode:node_modules/@jridgewell/sourcemap-codec Completed in 9164ms
515 http fetch GET 200 https://registry.npmjs.org/magic-string/-/magic-string-0.30.21.tgz 8719ms (cache miss)
516 timing reifyNode:node_modules/magic-string Completed in 9224ms
517 http fetch GET 200 https://registry.npmjs.org/csstype/-/csstype-3.2.3.tgz 8696ms (cache miss)
518 timing reifyNode:node_modules/csstype Completed in 9224ms
519 http fetch GET 200 https://registry.npmjs.org/nanoid/-/nanoid-3.3.11.tgz 8748ms (cache miss)
520 http fetch GET 200 https://registry.npmjs.org/json5/-/json5-2.2.3.tgz 8729ms (cache miss)
521 http fetch GET 200 https://registry.npmjs.org/lightningcss/-/lightningcss-1.30.2.tgz 8738ms (cache miss)
522 timing reifyNode:node_modules/lightningcss Completed in 9252ms
523 timing reifyNode:node_modules/nanoid Completed in 9274ms
524 timing reifyNode:node_modules/json5 Completed in 9270ms
525 http fetch GET 200 https://registry.npmjs.org/@jridgewell/remapping/-/remapping-2.3.5.tgz 8715ms (cache miss)
526 http fetch GET 200 https://registry.npmjs.org/@jridgewell/gen-mapping/-/gen-mapping-0.3.13.tgz 8717ms (cache miss)
527 timing reifyNode:node_modules/@jridgewell/remapping Completed in 9286ms
528 timing reifyNode:node_modules/@jridgewell/gen-mapping Completed in 9290ms
529 http fetch GET 200 https://registry.npmjs.org/react/-/react-19.2.3.tgz 8948ms (cache miss)
530 timing reifyNode:node_modules/react Completed in 9431ms
531 http fetch GET 200 https://registry.npmjs.org/react-scroll/-/react-scroll-1.9.3.tgz 8970ms (cache miss)
532 timing reifyNode:node_modules/react-scroll Completed in 9450ms
533 http fetch GET 200 https://registry.npmjs.org/undici-types/-/undici-types-6.21.0.tgz 9172ms (cache miss)
534 timing reifyNode:node_modules/undici-types Completed in 9634ms
535 http fetch GET 200 https://registry.npmjs.org/@rollup/rollup-win32-x64-gnu/-/rollup-win32-x64-gnu-4.59.0.tgz 9543ms (cache miss)
536 timing reifyNode:node_modules/@rollup/rollup-win32-x64-gnu Completed in 10088ms
537 http fetch GET 200 https://registry.npmjs.org/tailwind-merge/-/tailwind-merge-3.4.0.tgz 9774ms (cache miss)
538 http fetch GET 200 https://registry.npmjs.org/tailwindcss/-/tailwindcss-4.1.17.tgz 9782ms (cache miss)
539 timing reifyNode:node_modules/tailwind-merge Completed in 10258ms
540 timing reifyNode:node_modules/tailwindcss Completed in 10272ms
541 http fetch GET 200 https://registry.npmjs.org/@rollup/rollup-win32-x64-msvc/-/rollup-win32-x64-msvc-4.59.0.tgz 9881ms (cache miss)
542 timing reifyNode:node_modules/@rollup/rollup-win32-x64-msvc Completed in 10426ms
543 http fetch GET 200 https://registry.npmjs.org/@jridgewell/trace-mapping/-/trace-mapping-0.3.31.tgz 9948ms (cache miss)
544 timing reifyNode:node_modules/@jridgewell/trace-mapping Completed in 10494ms
545 http fetch GET 200 https://registry.npmjs.org/@babel/parser/-/parser-7.29.0.tgz 9947ms (cache miss)
546 timing reifyNode:node_modules/@babel/parser Completed in 10500ms
547 http fetch GET 200 https://registry.npmjs.org/@babel/generator/-/generator-7.29.1.tgz 9957ms (cache miss)
548 timing reifyNode:node_modules/@babel/generator Completed in 10529ms
549 http fetch GET 200 https://registry.npmjs.org/postcss/-/postcss-8.5.8.tgz 10083ms (cache miss)
550 timing reifyNode:node_modules/postcss Completed in 10591ms
551 http fetch GET 200 https://registry.npmjs.org/enhanced-resolve/-/enhanced-resolve-5.20.0.tgz 10149ms (cache miss)
552 timing reifyNode:node_modules/enhanced-resolve Completed in 10672ms
553 http fetch GET 200 https://registry.npmjs.org/@tailwindcss/oxide-win32-x64-msvc/-/oxide-win32-x64-msvc-4.1.17.tgz 10140ms (cache miss)
554 timing reifyNode:node_modules/@tailwindcss/oxide-win32-x64-msvc Completed in 10682ms
555 http fetch GET 200 https://registry.npmjs.org/motion-utils/-/motion-utils-12.36.0.tgz 10328ms (cache miss)
556 timing reifyNode:node_modules/motion-utils Completed in 10848ms
557 http fetch GET 200 https://registry.npmjs.org/@babel/traverse/-/traverse-7.29.0.tgz 10390ms (cache miss)
558 timing reifyNode:node_modules/@babel/traverse Completed in 10940ms
559 http fetch GET 200 https://registry.npmjs.org/vite/-/vite-7.2.4.tgz 10514ms (cache miss)
560 timing reifyNode:node_modules/vite Completed in 10985ms
561 http fetch GET 200 https://registry.npmjs.org/rollup/-/rollup-4.59.0.tgz 10532ms (cache miss)
562 timing reifyNode:node_modules/rollup Completed in 11011ms
563 http fetch GET 200 https://registry.npmjs.org/@types/node/-/node-22.19.15.tgz 10932ms (cache miss)
564 timing reifyNode:node_modules/@types/node Completed in 11480ms
565 http fetch GET 200 https://registry.npmjs.org/@babel/core/-/core-7.29.0.tgz 11251ms (cache miss)
566 timing reifyNode:node_modules/@babel/core Completed in 11829ms
567 http fetch GET 200 https://registry.npmjs.org/lightningcss-win32-x64-msvc/-/lightningcss-win32-x64-msvc-1.30.2.tgz 11404ms (cache miss)
568 timing reifyNode:node_modules/lightningcss-win32-x64-msvc Completed in 11918ms
569 http fetch GET 200 https://registry.npmjs.org/react-dom/-/react-dom-19.2.3.tgz 11704ms (cache miss)
570 timing reifyNode:node_modules/react-dom Completed in 12212ms
571 http fetch GET 200 https://registry.npmjs.org/@esbuild/win32-x64/-/win32-x64-0.25.12.tgz 11746ms (cache miss)
572 timing reifyNode:node_modules/@esbuild/win32-x64 Completed in 12296ms
573 http fetch GET 200 https://registry.npmjs.org/@babel/types/-/types-7.29.0.tgz 12418ms (cache miss)
574 timing reifyNode:node_modules/@babel/types Completed in 12989ms
575 http fetch GET 200 https://registry.npmjs.org/@babel/helpers/-/helpers-7.28.6.tgz 12695ms (cache miss)
576 timing reifyNode:node_modules/@babel/helpers Completed in 13262ms
577 http fetch GET 200 https://registry.npmjs.org/picocolors/-/picocolors-1.1.1.tgz 13051ms (cache miss)
578 timing reifyNode:node_modules/picocolors Completed in 13553ms
579 http fetch GET 200 https://registry.npmjs.org/jiti/-/jiti-2.6.1.tgz 14517ms (cache miss)
580 timing reifyNode:node_modules/jiti Completed in 15036ms
581 http fetch GET 200 https://registry.npmjs.org/typescript/-/typescript-5.9.3.tgz 15009ms (cache miss)
582 timing reifyNode:node_modules/typescript Completed in 15475ms
583 http fetch GET 200 https://registry.npmjs.org/framer-motion/-/framer-motion-12.36.0.tgz 15562ms (cache miss)
584 timing reifyNode:node_modules/framer-motion Completed in 16080ms
585 http fetch GET 200 https://registry.npmjs.org/motion-dom/-/motion-dom-12.36.0.tgz 15667ms (cache miss)
586 timing reifyNode:node_modules/motion-dom Completed in 16169ms
587 http fetch GET 200 https://registry.npmjs.org/caniuse-lite/-/caniuse-lite-1.0.30001778.tgz 16567ms (cache miss)
588 timing reifyNode:node_modules/caniuse-lite Completed in 17099ms
589 http fetch GET 200 https://registry.npmjs.org/lucide-react/-/lucide-react-0.577.0.tgz 25291ms (cache miss)
590 timing reifyNode:node_modules/lucide-react Completed in 25796ms
591 timing reify:unpack Completed in 25802ms
592 timing reify:unretire Completed in 0ms
593 timing build:queue Completed in 22ms
594 timing build:link:node_modules/@babel/parser Completed in 87ms
595 timing build:link:node_modules/esbuild Completed in 85ms
596 timing build:link:node_modules/browserslist Completed in 87ms
597 timing build:link:node_modules/jiti Completed in 88ms
598 timing build:link:node_modules/jsesc Completed in 87ms
599 timing build:link:node_modules/baseline-browser-mapping Completed in 89ms
600 timing build:link:node_modules/json5 Completed in 88ms
601 timing build:link:node_modules/nanoid Completed in 87ms
602 timing build:link:node_modules/loose-envify Completed in 88ms
603 timing build:link:node_modules/semver Completed in 88ms
604 timing build:link:node_modules/rollup Completed in 88ms
605 timing build:link:node_modules/typescript Completed in 87ms
606 timing build:link:node_modules/vite Completed in 87ms
607 timing build:link:node_modules/update-browserslist-db Completed in 87ms
608 timing build:link Completed in 93ms
609 info run esbuild@0.25.12 postinstall node_modules/esbuild node install.js
610 info run esbuild@0.25.12 postinstall { code: 0, signal: null }
611 timing build:run:postinstall:node_modules/esbuild Completed in 1491ms
612 timing build:run:postinstall Completed in 1493ms
613 timing build:deps Completed in 1609ms
614 timing build Completed in 1610ms
615 timing reify:build Completed in 1611ms
616 timing reify:trash Completed in 12ms
617 timing reify:save Completed in 157ms
618 timing reify Completed in 28370ms
619 silly ADD node_modules/yallist
620 silly ADD node_modules/vite-plugin-singlefile
621 silly ADD node_modules/vite
622 silly ADD node_modules/update-browserslist-db
623 silly ADD node_modules/undici-types
624 silly ADD node_modules/typescript
625 silly ADD node_modules/tslib
626 silly ADD node_modules/to-regex-range
627 silly ADD node_modules/tinyglobby
628 silly ADD node_modules/tapable
629 silly ADD node_modules/tailwindcss
630 silly ADD node_modules/tailwind-merge
631 silly ADD node_modules/source-map-js
632 silly ADD node_modules/semver
633 silly ADD node_modules/scheduler
634 silly ADD node_modules/rollup
635 silly ADD node_modules/react-scroll
636 silly ADD node_modules/react-refresh
637 silly ADD node_modules/react-is
638 silly ADD node_modules/react-intersection-observer
639 silly ADD node_modules/react-dom
640 silly ADD node_modules/react
641 silly ADD node_modules/prop-types
642 silly ADD node_modules/postcss
643 silly ADD node_modules/picomatch
644 silly ADD node_modules/picocolors
645 silly ADD node_modules/object-assign
646 silly ADD node_modules/node-releases
647 silly ADD node_modules/nanoid
648 silly ADD node_modules/ms
649 silly ADD node_modules/motion-utils
650 silly ADD node_modules/motion-dom
651 silly ADD node_modules/micromatch
652 silly ADD node_modules/micromatch/node_modules/picomatch
653 silly ADD node_modules/magic-string
654 silly ADD node_modules/lucide-react
655 silly ADD node_modules/lru-cache
656 silly ADD node_modules/loose-envify
657 silly ADD node_modules/lodash.throttle
658 silly ADD node_modules/lightningcss-win32-x64-msvc
659 silly ADD
660 silly ADD
661 silly ADD
662 silly ADD
663 silly ADD
664 silly ADD
665 silly ADD
666 silly ADD
667 silly ADD
668 silly ADD
669 silly ADD node_modules/lightningcss
670 silly ADD node_modules/json5
671 silly ADD node_modules/jsesc
672 silly ADD node_modules/js-tokens
673 silly ADD node_modules/jiti
674 silly ADD node_modules/is-number
675 silly ADD node_modules/graceful-fs
676 silly ADD node_modules/gensync
677 silly ADD
678 silly ADD node_modules/framer-motion
679 silly ADD node_modules/fill-range
680 silly ADD node_modules/fdir
681 silly ADD node_modules/escalade
682 silly ADD node_modules/esbuild
683 silly ADD node_modules/enhanced-resolve
684 silly ADD node_modules/electron-to-chromium
685 silly ADD node_modules/detect-libc
686 silly ADD node_modules/debug
687 silly ADD node_modules/csstype
688 silly ADD node_modules/convert-source-map
689 silly ADD node_modules/clsx
690 silly ADD node_modules/caniuse-lite
691 silly ADD node_modules/browserslist
692 silly ADD node_modules/braces
693 silly ADD node_modules/baseline-browser-mapping
694 silly ADD node_modules/@vitejs/plugin-react
695 silly ADD node_modules/@types/react-dom
696 silly ADD node_modules/@types/react
697 silly ADD node_modules/@types/node
698 silly ADD node_modules/@types/estree
699 silly ADD node_modules/@types/babel__traverse
700 silly ADD node_modules/@types/babel__template
701 silly ADD node_modules/@types/babel__generator
702 silly ADD node_modules/@types/babel__core
703 silly ADD node_modules/@tailwindcss/vite
704 silly ADD node_modules/@tailwindcss/oxide-win32-x64-msvc
705 silly ADD
706 silly ADD
707 silly ADD
708 silly ADD
709 silly ADD
710 silly ADD
711 silly ADD
712 silly ADD
713 silly ADD
714 silly ADD
715 silly ADD
716 silly ADD node_modules/@tailwindcss/oxide
717 silly ADD node_modules/@tailwindcss/node
718 silly ADD node_modules/@rollup/rollup-win32-x64-msvc
719 silly ADD node_modules/@rollup/rollup-win32-x64-gnu
720 silly ADD
721 silly ADD
722 silly ADD
723 silly ADD
724 silly ADD
725 silly ADD
726 silly ADD
727 silly ADD
728 silly ADD
729 silly ADD
730 silly ADD
731 silly ADD
732 silly ADD
733 silly ADD
734 silly ADD
735 silly ADD
736 silly ADD
737 silly ADD
738 silly ADD
739 silly ADD
740 silly ADD
741 silly ADD
742 silly ADD
743 silly ADD node_modules/@rolldown/pluginutils
744 silly ADD node_modules/@jridgewell/trace-mapping
745 silly ADD node_modules/@jridgewell/sourcemap-codec
746 silly ADD node_modules/@jridgewell/resolve-uri
747 silly ADD node_modules/@jridgewell/remapping
748 silly ADD node_modules/@jridgewell/gen-mapping
749 silly ADD node_modules/@esbuild/win32-x64
750 silly ADD
751 silly ADD
752 silly ADD
753 silly ADD
754 silly ADD
755 silly ADD
756 silly ADD
757 silly ADD
758 silly ADD
759 silly ADD
760 silly ADD
761 silly ADD
762 silly ADD
763 silly ADD
764 silly ADD
765 silly ADD
766 silly ADD
767 silly ADD
768 silly ADD
769 silly ADD
770 silly ADD
771 silly ADD
772 silly ADD
773 silly ADD
774 silly ADD
775 silly ADD node_modules/@babel/types
776 silly ADD node_modules/@babel/traverse
777 silly ADD node_modules/@babel/template
778 silly ADD node_modules/@babel/plugin-transform-react-jsx-source
779 silly ADD node_modules/@babel/plugin-transform-react-jsx-self
780 silly ADD node_modules/@babel/parser
781 silly ADD node_modules/@babel/helpers
782 silly ADD node_modules/@babel/helper-validator-option
783 silly ADD node_modules/@babel/helper-validator-identifier
784 silly ADD node_modules/@babel/helper-string-parser
785 silly ADD node_modules/@babel/helper-plugin-utils
786 silly ADD node_modules/@babel/helper-module-transforms
787 silly ADD node_modules/@babel/helper-module-imports
788 silly ADD node_modules/@babel/helper-globals
789 silly ADD node_modules/@babel/helper-compilation-targets
790 silly ADD node_modules/@babel/generator
791 silly ADD node_modules/@babel/core
792 silly ADD node_modules/@babel/compat-data
793 silly ADD node_modules/@babel/code-frame
794 timing command:install Completed in 28403ms
795 verbose exit 0
796 timing npm Completed in 29118ms
797 info ok
